<?xml version="1.0" encoding="UTF-8"?>
<testng-results skipped="0" failed="51" ignored="0" total="52" passed="1">
  <reporter-output>
  </reporter-output>
  <suite name="Station Pick2" duration-ms="90864" started-at="2018-07-31T10:28:54Z" finished-at="2018-07-31T10:30:24Z">
    <groups>
    </groups>
    <test name="Users" duration-ms="90864" started-at="2018-07-31T10:28:54Z" finished-at="2018-07-31T10:30:24Z">
      <class name="bpa.test.DemoClassStationPOM">
        <test-method status="PASS" signature="setupConfig()[pri:0, instance:bpa.test.DemoClassStationPOM@3aa9e816]" name="setupConfig" is-config="true" duration-ms="6116" started-at="2018-07-31T15:58:54Z" finished-at="2018-07-31T15:59:00Z">
          <reporter-output>
          </reporter-output>
        </test-method> <!-- setupConfig -->
        <test-method status="PASS" signature="launchBrowser(java.lang.String)[pri:0, instance:bpa.test.DemoClassStationPOM@3aa9e816]" name="launchBrowser" duration-ms="4675" started-at="2018-07-31T15:59:00Z" finished-at="2018-07-31T15:59:04Z">
          <params>
            <param index="0">
              <value>
                <![CDATA[chrome]]>
              </value>
            </param>
          </params>
          <reporter-output>
          </reporter-output>
        </test-method> <!-- launchBrowser -->
        <test-method status="FAIL" signature="testFunctionality(java.lang.String, java.lang.String, java.lang.String, java.lang.String, java.lang.String, java.lang.String, java.lang.String, java.lang.String, java.lang.String, java.lang.String, java.lang.String, java.lang.String, java.lang.String)[pri:1, instance:bpa.test.DemoClassStationPOM@3aa9e816]" name="testFunctionality" duration-ms="78412" started-at="2018-07-31T15:59:05Z" data-provider="testDataProvider" finished-at="2018-07-31T16:00:23Z">
          <params>
            <param index="0">
              <value>
                <![CDATA[EXTRA]]>
              </value>
            </param>
            <param index="1">
              <value>
                <![CDATA[PM]]>
              </value>
            </param>
            <param index="2">
              <value>
                <![CDATA[T/W]]>
              </value>
            </param>
            <param index="3">
              <value>
                <![CDATA[GEORGE SIMPKINS]]>
              </value>
            </param>
            <param index="4">
              <value>
                <![CDATA[naveen]]>
              </value>
            </param>
            <param index="5">
              <value>
                <![CDATA[password]]>
              </value>
            </param>
            <param index="6">
              <value>
                <![CDATA[C4501]]>
              </value>
            </param>
            <param index="7">
              <value>
                <![CDATA[17.0]]>
              </value>
            </param>
            <param index="8">
              <value>
                <![CDATA[18.0]]>
              </value>
            </param>
            <param index="9">
              <value>
                <![CDATA[20.0]]>
              </value>
            </param>
            <param index="10">
              <value>
                <![CDATA[51.0]]>
              </value>
            </param>
            <param index="11">
              <value>
                <![CDATA[NULL]]>
              </value>
            </param>
            <param index="12">
              <value>
                <![CDATA[PM]]>
              </value>
            </param>
          </params>
          <exception class="org.openqa.selenium.NoSuchWindowException">
            <message>
              <![CDATA[no such window: target window already closed
from unknown error: web view not found
  (Session info: chrome=67.0.3396.99)
  (Driver info: chromedriver=2.38.552522 (437e6fbedfa8762dec75e2c5b3ddb86763dc9dcb),platform=Windows NT 6.1.7601 SP1 x86_64) (WARNING: The server did not provide any stacktrace information)
Command duration or timeout: 0 milliseconds
Build info: version: '3.11.0', revision: 'e59cfb3', time: '2018-03-11T20:26:55.152Z'
System info: host: 'JOHN-PC', ip: '10.50.17.63', os.name: 'Windows 7', os.arch: 'amd64', os.version: '6.1', java.version: '1.8.0_131'
Driver info: org.openqa.selenium.chrome.ChromeDriver
Capabilities {acceptInsecureCerts: false, acceptSslCerts: false, applicationCacheEnabled: false, browserConnectionEnabled: false, browserName: chrome, chrome: {chromedriverVersion: 2.38.552522 (437e6fbedfa876..., userDataDir: C:\Users\VISHNU~1\AppData\L...}, cssSelectorsEnabled: true, databaseEnabled: false, handlesAlerts: true, hasTouchScreen: false, javascriptEnabled: true, locationContextEnabled: true, mobileEmulationEnabled: false, nativeEvents: true, networkConnectionEnabled: false, pageLoadStrategy: normal, platform: XP, platformName: XP, rotatable: false, setWindowRect: true, takesHeapSnapshot: true, takesScreenshot: true, unexpectedAlertBehaviour: , unhandledPromptBehavior: , version: 67.0.3396.99, webStorageEnabled: true}
Session ID: a74b7e298cd10a938fdc74c6bb049c98
*** Element info: {Using=css selector, value=#divMainSection > div.col-md-12 > div > div>a[id='aLogout1']}]]>
            </message>
            <full-stacktrace>
              <![CDATA[org.openqa.selenium.NoSuchWindowException: no such window: target window already closed
from unknown error: web view not found
  (Session info: chrome=67.0.3396.99)
  (Driver info: chromedriver=2.38.552522 (437e6fbedfa8762dec75e2c5b3ddb86763dc9dcb),platform=Windows NT 6.1.7601 SP1 x86_64) (WARNING: The server did not provide any stacktrace information)
Command duration or timeout: 0 milliseconds
Build info: version: '3.11.0', revision: 'e59cfb3', time: '2018-03-11T20:26:55.152Z'
System info: host: 'JOHN-PC', ip: '10.50.17.63', os.name: 'Windows 7', os.arch: 'amd64', os.version: '6.1', java.version: '1.8.0_131'
Driver info: org.openqa.selenium.chrome.ChromeDriver
Capabilities {acceptInsecureCerts: false, acceptSslCerts: false, applicationCacheEnabled: false, browserConnectionEnabled: false, browserName: chrome, chrome: {chromedriverVersion: 2.38.552522 (437e6fbedfa876..., userDataDir: C:\Users\VISHNU~1\AppData\L...}, cssSelectorsEnabled: true, databaseEnabled: false, handlesAlerts: true, hasTouchScreen: false, javascriptEnabled: true, locationContextEnabled: true, mobileEmulationEnabled: false, nativeEvents: true, networkConnectionEnabled: false, pageLoadStrategy: normal, platform: XP, platformName: XP, rotatable: false, setWindowRect: true, takesHeapSnapshot: true, takesScreenshot: true, unexpectedAlertBehaviour: , unhandledPromptBehavior: , version: 67.0.3396.99, webStorageEnabled: true}
Session ID: a74b7e298cd10a938fdc74c6bb049c98
*** Element info: {Using=css selector, value=#divMainSection > div.col-md-12 > div > div>a[id='aLogout1']}
	at sun.reflect.NativeConstructorAccessorImpl.newInstance0(Native Method)
	at sun.reflect.NativeConstructorAccessorImpl.newInstance(Unknown Source)
	at sun.reflect.DelegatingConstructorAccessorImpl.newInstance(Unknown Source)
	at java.lang.reflect.Constructor.newInstance(Unknown Source)
	at org.openqa.selenium.remote.ErrorHandler.createThrowable(ErrorHandler.java:214)
	at org.openqa.selenium.remote.ErrorHandler.throwIfResponseFailed(ErrorHandler.java:166)
	at org.openqa.selenium.remote.http.JsonHttpResponseCodec.reconstructValue(JsonHttpResponseCodec.java:40)
	at org.openqa.selenium.remote.http.AbstractHttpResponseCodec.decode(AbstractHttpResponseCodec.java:80)
	at org.openqa.selenium.remote.http.AbstractHttpResponseCodec.decode(AbstractHttpResponseCodec.java:44)
	at org.openqa.selenium.remote.HttpCommandExecutor.execute(HttpCommandExecutor.java:158)
	at org.openqa.selenium.remote.service.DriverCommandExecutor.execute(DriverCommandExecutor.java:83)
	at org.openqa.selenium.remote.RemoteWebDriver.execute(RemoteWebDriver.java:545)
	at org.openqa.selenium.remote.RemoteWebDriver.findElement(RemoteWebDriver.java:319)
	at org.openqa.selenium.remote.RemoteWebDriver.findElementByCssSelector(RemoteWebDriver.java:413)
	at org.openqa.selenium.By$ByCssSelector.findElement(By.java:430)
	at org.openqa.selenium.remote.RemoteWebDriver.findElement(RemoteWebDriver.java:311)
	at org.openqa.selenium.support.pagefactory.DefaultElementLocator.findElement(DefaultElementLocator.java:69)
	at org.openqa.selenium.support.pagefactory.internal.LocatingElementHandler.invoke(LocatingElementHandler.java:38)
	at com.sun.proxy.$Proxy8.isDisplayed(Unknown Source)
	at bpa.page.ReviewSelection.clickLogout(ReviewSelection.java:124)
	at bpa.page.ReviewSelection.saveReview(ReviewSelection.java:114)
	at bpa.test.DemoClassStationPOM.testFunctionality(DemoClassStationPOM.java:120)
	at sun.reflect.NativeMethodAccessorImpl.invoke0(Native Method)
	at sun.reflect.NativeMethodAccessorImpl.invoke(Unknown Source)
	at sun.reflect.DelegatingMethodAccessorImpl.invoke(Unknown Source)
	at java.lang.reflect.Method.invoke(Unknown Source)
	at org.testng.internal.MethodInvocationHelper.invokeMethod(MethodInvocationHelper.java:104)
	at org.testng.internal.Invoker.invokeMethod(Invoker.java:645)
	at org.testng.internal.Invoker.invokeTestMethod(Invoker.java:851)
	at org.testng.internal.Invoker.invokeTestMethods(Invoker.java:1177)
	at org.testng.internal.TestMethodWorker.invokeTestMethods(TestMethodWorker.java:129)
	at org.testng.internal.TestMethodWorker.run(TestMethodWorker.java:112)
	at org.testng.TestRunner.privateRun(TestRunner.java:756)
	at org.testng.TestRunner.run(TestRunner.java:610)
	at org.testng.SuiteRunner.runTest(SuiteRunner.java:387)
	at org.testng.SuiteRunner.runSequentially(SuiteRunner.java:382)
	at org.testng.SuiteRunner.privateRun(SuiteRunner.java:340)
	at org.testng.SuiteRunner.run(SuiteRunner.java:289)
	at org.testng.SuiteRunnerWorker.runSuite(SuiteRunnerWorker.java:52)
	at org.testng.SuiteRunnerWorker.run(SuiteRunnerWorker.java:86)
	at org.testng.TestNG.runSuitesSequentially(TestNG.java:1293)
	at org.testng.TestNG.runSuitesLocally(TestNG.java:1218)
	at org.testng.TestNG.runSuites(TestNG.java:1133)
	at org.testng.TestNG.run(TestNG.java:1104)
	at bpa.test.StationPickDemo2Complete.main(StationPickDemo2Complete.java:21)
]]>
            </full-stacktrace>
          </exception> <!-- org.openqa.selenium.NoSuchWindowException -->
          <reporter-output>
          </reporter-output>
        </test-method> <!-- testFunctionality -->
        <test-method status="FAIL" signature="testFunctionality(java.lang.String, java.lang.String, java.lang.String, java.lang.String, java.lang.String, java.lang.String, java.lang.String, java.lang.String, java.lang.String, java.lang.String, java.lang.String, java.lang.String, java.lang.String)[pri:1, instance:bpa.test.DemoClassStationPOM@3aa9e816]" name="testFunctionality" duration-ms="16" started-at="2018-07-31T16:00:23Z" data-provider="testDataProvider" finished-at="2018-07-31T16:00:23Z">
          <params>
            <param index="0">
              <value>
                <![CDATA[STATION SOUTH]]>
              </value>
            </param>
            <param index="1">
              <value>
                <![CDATA[Night]]>
              </value>
            </param>
            <param index="2">
              <value>
                <![CDATA[S/M]]>
              </value>
            </param>
            <param index="3">
              <value>
                <![CDATA[WILLIAM YUEN]]>
              </value>
            </param>
            <param index="4">
              <value>
                <![CDATA[naveen]]>
              </value>
            </param>
            <param index="5">
              <value>
                <![CDATA[password]]>
              </value>
            </param>
            <param index="6">
              <value>
                <![CDATA[SHDC114]]>
              </value>
            </param>
            <param index="7">
              <value>
                <![CDATA[5.0]]>
              </value>
            </param>
            <param index="8">
              <value>
                <![CDATA[24.0]]>
              </value>
            </param>
            <param index="9">
              <value>
                <![CDATA[25.0]]>
              </value>
            </param>
            <param index="10">
              <value>
                <![CDATA[48.0]]>
              </value>
            </param>
            <param index="11">
              <value>
                <![CDATA[50.0]]>
              </value>
            </param>
            <param index="12">
              <value>
                <![CDATA[HDC]]>
              </value>
            </param>
          </params>
          <exception class="org.openqa.selenium.NoSuchWindowException">
            <message>
              <![CDATA[no such window: target window already closed
from unknown error: web view not found
  (Session info: chrome=67.0.3396.99)
  (Driver info: chromedriver=2.38.552522 (437e6fbedfa8762dec75e2c5b3ddb86763dc9dcb),platform=Windows NT 6.1.7601 SP1 x86_64) (WARNING: The server did not provide any stacktrace information)
Command duration or timeout: 0 milliseconds
Build info: version: '3.11.0', revision: 'e59cfb3', time: '2018-03-11T20:26:55.152Z'
System info: host: 'JOHN-PC', ip: '10.50.17.63', os.name: 'Windows 7', os.arch: 'amd64', os.version: '6.1', java.version: '1.8.0_131'
Driver info: org.openqa.selenium.chrome.ChromeDriver
Capabilities {acceptInsecureCerts: false, acceptSslCerts: false, applicationCacheEnabled: false, browserConnectionEnabled: false, browserName: chrome, chrome: {chromedriverVersion: 2.38.552522 (437e6fbedfa876..., userDataDir: C:\Users\VISHNU~1\AppData\L...}, cssSelectorsEnabled: true, databaseEnabled: false, handlesAlerts: true, hasTouchScreen: false, javascriptEnabled: true, locationContextEnabled: true, mobileEmulationEnabled: false, nativeEvents: true, networkConnectionEnabled: false, pageLoadStrategy: normal, platform: XP, platformName: XP, rotatable: false, setWindowRect: true, takesHeapSnapshot: true, takesScreenshot: true, unexpectedAlertBehaviour: , unhandledPromptBehavior: , version: 67.0.3396.99, webStorageEnabled: true}
Session ID: a74b7e298cd10a938fdc74c6bb049c98]]>
            </message>
            <full-stacktrace>
              <![CDATA[org.openqa.selenium.NoSuchWindowException: no such window: target window already closed
from unknown error: web view not found
  (Session info: chrome=67.0.3396.99)
  (Driver info: chromedriver=2.38.552522 (437e6fbedfa8762dec75e2c5b3ddb86763dc9dcb),platform=Windows NT 6.1.7601 SP1 x86_64) (WARNING: The server did not provide any stacktrace information)
Command duration or timeout: 0 milliseconds
Build info: version: '3.11.0', revision: 'e59cfb3', time: '2018-03-11T20:26:55.152Z'
System info: host: 'JOHN-PC', ip: '10.50.17.63', os.name: 'Windows 7', os.arch: 'amd64', os.version: '6.1', java.version: '1.8.0_131'
Driver info: org.openqa.selenium.chrome.ChromeDriver
Capabilities {acceptInsecureCerts: false, acceptSslCerts: false, applicationCacheEnabled: false, browserConnectionEnabled: false, browserName: chrome, chrome: {chromedriverVersion: 2.38.552522 (437e6fbedfa876..., userDataDir: C:\Users\VISHNU~1\AppData\L...}, cssSelectorsEnabled: true, databaseEnabled: false, handlesAlerts: true, hasTouchScreen: false, javascriptEnabled: true, locationContextEnabled: true, mobileEmulationEnabled: false, nativeEvents: true, networkConnectionEnabled: false, pageLoadStrategy: normal, platform: XP, platformName: XP, rotatable: false, setWindowRect: true, takesHeapSnapshot: true, takesScreenshot: true, unexpectedAlertBehaviour: , unhandledPromptBehavior: , version: 67.0.3396.99, webStorageEnabled: true}
Session ID: a74b7e298cd10a938fdc74c6bb049c98
	at sun.reflect.NativeConstructorAccessorImpl.newInstance0(Native Method)
	at sun.reflect.NativeConstructorAccessorImpl.newInstance(Unknown Source)
	at sun.reflect.DelegatingConstructorAccessorImpl.newInstance(Unknown Source)
	at java.lang.reflect.Constructor.newInstance(Unknown Source)
	at org.openqa.selenium.remote.ErrorHandler.createThrowable(ErrorHandler.java:214)
	at org.openqa.selenium.remote.ErrorHandler.throwIfResponseFailed(ErrorHandler.java:166)
	at org.openqa.selenium.remote.http.JsonHttpResponseCodec.reconstructValue(JsonHttpResponseCodec.java:40)
	at org.openqa.selenium.remote.http.AbstractHttpResponseCodec.decode(AbstractHttpResponseCodec.java:80)
	at org.openqa.selenium.remote.http.AbstractHttpResponseCodec.decode(AbstractHttpResponseCodec.java:44)
	at org.openqa.selenium.remote.HttpCommandExecutor.execute(HttpCommandExecutor.java:158)
	at org.openqa.selenium.remote.service.DriverCommandExecutor.execute(DriverCommandExecutor.java:83)
	at org.openqa.selenium.remote.RemoteWebDriver.execute(RemoteWebDriver.java:545)
	at org.openqa.selenium.remote.RemoteWebDriver.get(RemoteWebDriver.java:273)
	at org.openqa.selenium.remote.RemoteWebDriver$RemoteNavigation.to(RemoteWebDriver.java:856)
	at bpa.page.LoginApplication.enterUserName(LoginApplication.java:67)
	at bpa.test.DemoClassStationPOM.testFunctionality(DemoClassStationPOM.java:105)
	at sun.reflect.NativeMethodAccessorImpl.invoke0(Native Method)
	at sun.reflect.NativeMethodAccessorImpl.invoke(Unknown Source)
	at sun.reflect.DelegatingMethodAccessorImpl.invoke(Unknown Source)
	at java.lang.reflect.Method.invoke(Unknown Source)
	at org.testng.internal.MethodInvocationHelper.invokeMethod(MethodInvocationHelper.java:104)
	at org.testng.internal.Invoker.invokeMethod(Invoker.java:645)
	at org.testng.internal.Invoker.invokeTestMethod(Invoker.java:851)
	at org.testng.internal.Invoker.invokeTestMethods(Invoker.java:1177)
	at org.testng.internal.TestMethodWorker.invokeTestMethods(TestMethodWorker.java:129)
	at org.testng.internal.TestMethodWorker.run(TestMethodWorker.java:112)
	at org.testng.TestRunner.privateRun(TestRunner.java:756)
	at org.testng.TestRunner.run(TestRunner.java:610)
	at org.testng.SuiteRunner.runTest(SuiteRunner.java:387)
	at org.testng.SuiteRunner.runSequentially(SuiteRunner.java:382)
	at org.testng.SuiteRunner.privateRun(SuiteRunner.java:340)
	at org.testng.SuiteRunner.run(SuiteRunner.java:289)
	at org.testng.SuiteRunnerWorker.runSuite(SuiteRunnerWorker.java:52)
	at org.testng.SuiteRunnerWorker.run(SuiteRunnerWorker.java:86)
	at org.testng.TestNG.runSuitesSequentially(TestNG.java:1293)
	at org.testng.TestNG.runSuitesLocally(TestNG.java:1218)
	at org.testng.TestNG.runSuites(TestNG.java:1133)
	at org.testng.TestNG.run(TestNG.java:1104)
	at bpa.test.StationPickDemo2Complete.main(StationPickDemo2Complete.java:21)
]]>
            </full-stacktrace>
          </exception> <!-- org.openqa.selenium.NoSuchWindowException -->
          <reporter-output>
          </reporter-output>
        </test-method> <!-- testFunctionality -->
        <test-method status="FAIL" signature="testFunctionality(java.lang.String, java.lang.String, java.lang.String, java.lang.String, java.lang.String, java.lang.String, java.lang.String, java.lang.String, java.lang.String, java.lang.String, java.lang.String, java.lang.String, java.lang.String)[pri:1, instance:bpa.test.DemoClassStationPOM@3aa9e816]" name="testFunctionality" duration-ms="15" started-at="2018-07-31T16:00:23Z" data-provider="testDataProvider" finished-at="2018-07-31T16:00:23Z">
          <params>
            <param index="0">
              <value>
                <![CDATA[RDO RELIEF]]>
              </value>
            </param>
            <param index="1">
              <value>
                <![CDATA[PM]]>
              </value>
            </param>
            <param index="2">
              <value>
                <![CDATA[M/T]]>
              </value>
            </param>
            <param index="3">
              <value>
                <![CDATA[BRIAN BROOKS]]>
              </value>
            </param>
            <param index="4">
              <value>
                <![CDATA[naveen]]>
              </value>
            </param>
            <param index="5">
              <value>
                <![CDATA[password]]>
              </value>
            </param>
            <param index="6">
              <value>
                <![CDATA[C4001]]>
              </value>
            </param>
            <param index="7">
              <value>
                <![CDATA[16.0]]>
              </value>
            </param>
            <param index="8">
              <value>
                <![CDATA[21.0]]>
              </value>
            </param>
            <param index="9">
              <value>
                <![CDATA[22.0]]>
              </value>
            </param>
            <param index="10">
              <value>
                <![CDATA[48.0]]>
              </value>
            </param>
            <param index="11">
              <value>
                <![CDATA[51.0]]>
              </value>
            </param>
            <param index="12">
              <value>
                <![CDATA[PM]]>
              </value>
            </param>
          </params>
          <exception class="org.openqa.selenium.NoSuchWindowException">
            <message>
              <![CDATA[no such window: target window already closed
from unknown error: web view not found
  (Session info: chrome=67.0.3396.99)
  (Driver info: chromedriver=2.38.552522 (437e6fbedfa8762dec75e2c5b3ddb86763dc9dcb),platform=Windows NT 6.1.7601 SP1 x86_64) (WARNING: The server did not provide any stacktrace information)
Command duration or timeout: 0 milliseconds
Build info: version: '3.11.0', revision: 'e59cfb3', time: '2018-03-11T20:26:55.152Z'
System info: host: 'JOHN-PC', ip: '10.50.17.63', os.name: 'Windows 7', os.arch: 'amd64', os.version: '6.1', java.version: '1.8.0_131'
Driver info: org.openqa.selenium.chrome.ChromeDriver
Capabilities {acceptInsecureCerts: false, acceptSslCerts: false, applicationCacheEnabled: false, browserConnectionEnabled: false, browserName: chrome, chrome: {chromedriverVersion: 2.38.552522 (437e6fbedfa876..., userDataDir: C:\Users\VISHNU~1\AppData\L...}, cssSelectorsEnabled: true, databaseEnabled: false, handlesAlerts: true, hasTouchScreen: false, javascriptEnabled: true, locationContextEnabled: true, mobileEmulationEnabled: false, nativeEvents: true, networkConnectionEnabled: false, pageLoadStrategy: normal, platform: XP, platformName: XP, rotatable: false, setWindowRect: true, takesHeapSnapshot: true, takesScreenshot: true, unexpectedAlertBehaviour: , unhandledPromptBehavior: , version: 67.0.3396.99, webStorageEnabled: true}
Session ID: a74b7e298cd10a938fdc74c6bb049c98]]>
            </message>
            <full-stacktrace>
              <![CDATA[org.openqa.selenium.NoSuchWindowException: no such window: target window already closed
from unknown error: web view not found
  (Session info: chrome=67.0.3396.99)
  (Driver info: chromedriver=2.38.552522 (437e6fbedfa8762dec75e2c5b3ddb86763dc9dcb),platform=Windows NT 6.1.7601 SP1 x86_64) (WARNING: The server did not provide any stacktrace information)
Command duration or timeout: 0 milliseconds
Build info: version: '3.11.0', revision: 'e59cfb3', time: '2018-03-11T20:26:55.152Z'
System info: host: 'JOHN-PC', ip: '10.50.17.63', os.name: 'Windows 7', os.arch: 'amd64', os.version: '6.1', java.version: '1.8.0_131'
Driver info: org.openqa.selenium.chrome.ChromeDriver
Capabilities {acceptInsecureCerts: false, acceptSslCerts: false, applicationCacheEnabled: false, browserConnectionEnabled: false, browserName: chrome, chrome: {chromedriverVersion: 2.38.552522 (437e6fbedfa876..., userDataDir: C:\Users\VISHNU~1\AppData\L...}, cssSelectorsEnabled: true, databaseEnabled: false, handlesAlerts: true, hasTouchScreen: false, javascriptEnabled: true, locationContextEnabled: true, mobileEmulationEnabled: false, nativeEvents: true, networkConnectionEnabled: false, pageLoadStrategy: normal, platform: XP, platformName: XP, rotatable: false, setWindowRect: true, takesHeapSnapshot: true, takesScreenshot: true, unexpectedAlertBehaviour: , unhandledPromptBehavior: , version: 67.0.3396.99, webStorageEnabled: true}
Session ID: a74b7e298cd10a938fdc74c6bb049c98
	at sun.reflect.NativeConstructorAccessorImpl.newInstance0(Native Method)
	at sun.reflect.NativeConstructorAccessorImpl.newInstance(Unknown Source)
	at sun.reflect.DelegatingConstructorAccessorImpl.newInstance(Unknown Source)
	at java.lang.reflect.Constructor.newInstance(Unknown Source)
	at org.openqa.selenium.remote.ErrorHandler.createThrowable(ErrorHandler.java:214)
	at org.openqa.selenium.remote.ErrorHandler.throwIfResponseFailed(ErrorHandler.java:166)
	at org.openqa.selenium.remote.http.JsonHttpResponseCodec.reconstructValue(JsonHttpResponseCodec.java:40)
	at org.openqa.selenium.remote.http.AbstractHttpResponseCodec.decode(AbstractHttpResponseCodec.java:80)
	at org.openqa.selenium.remote.http.AbstractHttpResponseCodec.decode(AbstractHttpResponseCodec.java:44)
	at org.openqa.selenium.remote.HttpCommandExecutor.execute(HttpCommandExecutor.java:158)
	at org.openqa.selenium.remote.service.DriverCommandExecutor.execute(DriverCommandExecutor.java:83)
	at org.openqa.selenium.remote.RemoteWebDriver.execute(RemoteWebDriver.java:545)
	at org.openqa.selenium.remote.RemoteWebDriver.get(RemoteWebDriver.java:273)
	at org.openqa.selenium.remote.RemoteWebDriver$RemoteNavigation.to(RemoteWebDriver.java:856)
	at bpa.page.LoginApplication.enterUserName(LoginApplication.java:67)
	at bpa.test.DemoClassStationPOM.testFunctionality(DemoClassStationPOM.java:105)
	at sun.reflect.NativeMethodAccessorImpl.invoke0(Native Method)
	at sun.reflect.NativeMethodAccessorImpl.invoke(Unknown Source)
	at sun.reflect.DelegatingMethodAccessorImpl.invoke(Unknown Source)
	at java.lang.reflect.Method.invoke(Unknown Source)
	at org.testng.internal.MethodInvocationHelper.invokeMethod(MethodInvocationHelper.java:104)
	at org.testng.internal.Invoker.invokeMethod(Invoker.java:645)
	at org.testng.internal.Invoker.invokeTestMethod(Invoker.java:851)
	at org.testng.internal.Invoker.invokeTestMethods(Invoker.java:1177)
	at org.testng.internal.TestMethodWorker.invokeTestMethods(TestMethodWorker.java:129)
	at org.testng.internal.TestMethodWorker.run(TestMethodWorker.java:112)
	at org.testng.TestRunner.privateRun(TestRunner.java:756)
	at org.testng.TestRunner.run(TestRunner.java:610)
	at org.testng.SuiteRunner.runTest(SuiteRunner.java:387)
	at org.testng.SuiteRunner.runSequentially(SuiteRunner.java:382)
	at org.testng.SuiteRunner.privateRun(SuiteRunner.java:340)
	at org.testng.SuiteRunner.run(SuiteRunner.java:289)
	at org.testng.SuiteRunnerWorker.runSuite(SuiteRunnerWorker.java:52)
	at org.testng.SuiteRunnerWorker.run(SuiteRunnerWorker.java:86)
	at org.testng.TestNG.runSuitesSequentially(TestNG.java:1293)
	at org.testng.TestNG.runSuitesLocally(TestNG.java:1218)
	at org.testng.TestNG.runSuites(TestNG.java:1133)
	at org.testng.TestNG.run(TestNG.java:1104)
	at bpa.test.StationPickDemo2Complete.main(StationPickDemo2Complete.java:21)
]]>
            </full-stacktrace>
          </exception> <!-- org.openqa.selenium.NoSuchWindowException -->
          <reporter-output>
          </reporter-output>
        </test-method> <!-- testFunctionality -->
        <test-method status="FAIL" signature="testFunctionality(java.lang.String, java.lang.String, java.lang.String, java.lang.String, java.lang.String, java.lang.String, java.lang.String, java.lang.String, java.lang.String, java.lang.String, java.lang.String, java.lang.String, java.lang.String)[pri:1, instance:bpa.test.DemoClassStationPOM@3aa9e816]" name="testFunctionality" duration-ms="16" started-at="2018-07-31T16:00:23Z" data-provider="testDataProvider" finished-at="2018-07-31T16:00:23Z">
          <params>
            <param index="0">
              <value>
                <![CDATA[STATION SOUTH]]>
              </value>
            </param>
            <param index="1">
              <value>
                <![CDATA[PM]]>
              </value>
            </param>
            <param index="2">
              <value>
                <![CDATA[M/T]]>
              </value>
            </param>
            <param index="3">
              <value>
                <![CDATA[BERNARD BURGOS]]>
              </value>
            </param>
            <param index="4">
              <value>
                <![CDATA[naveen]]>
              </value>
            </param>
            <param index="5">
              <value>
                <![CDATA[password]]>
              </value>
            </param>
            <param index="6">
              <value>
                <![CDATA[SC0560]]>
              </value>
            </param>
            <param index="7">
              <value>
                <![CDATA[16.0]]>
              </value>
            </param>
            <param index="8">
              <value>
                <![CDATA[26.0]]>
              </value>
            </param>
            <param index="9">
              <value>
                <![CDATA[27.0]]>
              </value>
            </param>
            <param index="10">
              <value>
                <![CDATA[48.0]]>
              </value>
            </param>
            <param index="11">
              <value>
                <![CDATA[50.0]]>
              </value>
            </param>
            <param index="12">
              <value>
                <![CDATA[CLEANING]]>
              </value>
            </param>
          </params>
          <exception class="org.openqa.selenium.NoSuchWindowException">
            <message>
              <![CDATA[no such window: target window already closed
from unknown error: web view not found
  (Session info: chrome=67.0.3396.99)
  (Driver info: chromedriver=2.38.552522 (437e6fbedfa8762dec75e2c5b3ddb86763dc9dcb),platform=Windows NT 6.1.7601 SP1 x86_64) (WARNING: The server did not provide any stacktrace information)
Command duration or timeout: 0 milliseconds
Build info: version: '3.11.0', revision: 'e59cfb3', time: '2018-03-11T20:26:55.152Z'
System info: host: 'JOHN-PC', ip: '10.50.17.63', os.name: 'Windows 7', os.arch: 'amd64', os.version: '6.1', java.version: '1.8.0_131'
Driver info: org.openqa.selenium.chrome.ChromeDriver
Capabilities {acceptInsecureCerts: false, acceptSslCerts: false, applicationCacheEnabled: false, browserConnectionEnabled: false, browserName: chrome, chrome: {chromedriverVersion: 2.38.552522 (437e6fbedfa876..., userDataDir: C:\Users\VISHNU~1\AppData\L...}, cssSelectorsEnabled: true, databaseEnabled: false, handlesAlerts: true, hasTouchScreen: false, javascriptEnabled: true, locationContextEnabled: true, mobileEmulationEnabled: false, nativeEvents: true, networkConnectionEnabled: false, pageLoadStrategy: normal, platform: XP, platformName: XP, rotatable: false, setWindowRect: true, takesHeapSnapshot: true, takesScreenshot: true, unexpectedAlertBehaviour: , unhandledPromptBehavior: , version: 67.0.3396.99, webStorageEnabled: true}
Session ID: a74b7e298cd10a938fdc74c6bb049c98]]>
            </message>
            <full-stacktrace>
              <![CDATA[org.openqa.selenium.NoSuchWindowException: no such window: target window already closed
from unknown error: web view not found
  (Session info: chrome=67.0.3396.99)
  (Driver info: chromedriver=2.38.552522 (437e6fbedfa8762dec75e2c5b3ddb86763dc9dcb),platform=Windows NT 6.1.7601 SP1 x86_64) (WARNING: The server did not provide any stacktrace information)
Command duration or timeout: 0 milliseconds
Build info: version: '3.11.0', revision: 'e59cfb3', time: '2018-03-11T20:26:55.152Z'
System info: host: 'JOHN-PC', ip: '10.50.17.63', os.name: 'Windows 7', os.arch: 'amd64', os.version: '6.1', java.version: '1.8.0_131'
Driver info: org.openqa.selenium.chrome.ChromeDriver
Capabilities {acceptInsecureCerts: false, acceptSslCerts: false, applicationCacheEnabled: false, browserConnectionEnabled: false, browserName: chrome, chrome: {chromedriverVersion: 2.38.552522 (437e6fbedfa876..., userDataDir: C:\Users\VISHNU~1\AppData\L...}, cssSelectorsEnabled: true, databaseEnabled: false, handlesAlerts: true, hasTouchScreen: false, javascriptEnabled: true, locationContextEnabled: true, mobileEmulationEnabled: false, nativeEvents: true, networkConnectionEnabled: false, pageLoadStrategy: normal, platform: XP, platformName: XP, rotatable: false, setWindowRect: true, takesHeapSnapshot: true, takesScreenshot: true, unexpectedAlertBehaviour: , unhandledPromptBehavior: , version: 67.0.3396.99, webStorageEnabled: true}
Session ID: a74b7e298cd10a938fdc74c6bb049c98
	at sun.reflect.NativeConstructorAccessorImpl.newInstance0(Native Method)
	at sun.reflect.NativeConstructorAccessorImpl.newInstance(Unknown Source)
	at sun.reflect.DelegatingConstructorAccessorImpl.newInstance(Unknown Source)
	at java.lang.reflect.Constructor.newInstance(Unknown Source)
	at org.openqa.selenium.remote.ErrorHandler.createThrowable(ErrorHandler.java:214)
	at org.openqa.selenium.remote.ErrorHandler.throwIfResponseFailed(ErrorHandler.java:166)
	at org.openqa.selenium.remote.http.JsonHttpResponseCodec.reconstructValue(JsonHttpResponseCodec.java:40)
	at org.openqa.selenium.remote.http.AbstractHttpResponseCodec.decode(AbstractHttpResponseCodec.java:80)
	at org.openqa.selenium.remote.http.AbstractHttpResponseCodec.decode(AbstractHttpResponseCodec.java:44)
	at org.openqa.selenium.remote.HttpCommandExecutor.execute(HttpCommandExecutor.java:158)
	at org.openqa.selenium.remote.service.DriverCommandExecutor.execute(DriverCommandExecutor.java:83)
	at org.openqa.selenium.remote.RemoteWebDriver.execute(RemoteWebDriver.java:545)
	at org.openqa.selenium.remote.RemoteWebDriver.get(RemoteWebDriver.java:273)
	at org.openqa.selenium.remote.RemoteWebDriver$RemoteNavigation.to(RemoteWebDriver.java:856)
	at bpa.page.LoginApplication.enterUserName(LoginApplication.java:67)
	at bpa.test.DemoClassStationPOM.testFunctionality(DemoClassStationPOM.java:105)
	at sun.reflect.NativeMethodAccessorImpl.invoke0(Native Method)
	at sun.reflect.NativeMethodAccessorImpl.invoke(Unknown Source)
	at sun.reflect.DelegatingMethodAccessorImpl.invoke(Unknown Source)
	at java.lang.reflect.Method.invoke(Unknown Source)
	at org.testng.internal.MethodInvocationHelper.invokeMethod(MethodInvocationHelper.java:104)
	at org.testng.internal.Invoker.invokeMethod(Invoker.java:645)
	at org.testng.internal.Invoker.invokeTestMethod(Invoker.java:851)
	at org.testng.internal.Invoker.invokeTestMethods(Invoker.java:1177)
	at org.testng.internal.TestMethodWorker.invokeTestMethods(TestMethodWorker.java:129)
	at org.testng.internal.TestMethodWorker.run(TestMethodWorker.java:112)
	at org.testng.TestRunner.privateRun(TestRunner.java:756)
	at org.testng.TestRunner.run(TestRunner.java:610)
	at org.testng.SuiteRunner.runTest(SuiteRunner.java:387)
	at org.testng.SuiteRunner.runSequentially(SuiteRunner.java:382)
	at org.testng.SuiteRunner.privateRun(SuiteRunner.java:340)
	at org.testng.SuiteRunner.run(SuiteRunner.java:289)
	at org.testng.SuiteRunnerWorker.runSuite(SuiteRunnerWorker.java:52)
	at org.testng.SuiteRunnerWorker.run(SuiteRunnerWorker.java:86)
	at org.testng.TestNG.runSuitesSequentially(TestNG.java:1293)
	at org.testng.TestNG.runSuitesLocally(TestNG.java:1218)
	at org.testng.TestNG.runSuites(TestNG.java:1133)
	at org.testng.TestNG.run(TestNG.java:1104)
	at bpa.test.StationPickDemo2Complete.main(StationPickDemo2Complete.java:21)
]]>
            </full-stacktrace>
          </exception> <!-- org.openqa.selenium.NoSuchWindowException -->
          <reporter-output>
          </reporter-output>
        </test-method> <!-- testFunctionality -->
        <test-method status="FAIL" signature="testFunctionality(java.lang.String, java.lang.String, java.lang.String, java.lang.String, java.lang.String, java.lang.String, java.lang.String, java.lang.String, java.lang.String, java.lang.String, java.lang.String, java.lang.String, java.lang.String)[pri:1, instance:bpa.test.DemoClassStationPOM@3aa9e816]" name="testFunctionality" duration-ms="16" started-at="2018-07-31T16:00:23Z" data-provider="testDataProvider" finished-at="2018-07-31T16:00:23Z">
          <params>
            <param index="0">
              <value>
                <![CDATA[SPECIALTY CLEANING]]>
              </value>
            </param>
            <param index="1">
              <value>
                <![CDATA[Night]]>
              </value>
            </param>
            <param index="2">
              <value>
                <![CDATA[T/W]]>
              </value>
            </param>
            <param index="3">
              <value>
                <![CDATA[LEROY A. O REILLY]]>
              </value>
            </param>
            <param index="4">
              <value>
                <![CDATA[naveen]]>
              </value>
            </param>
            <param index="5">
              <value>
                <![CDATA[password]]>
              </value>
            </param>
            <param index="6">
              <value>
                <![CDATA[C2001]]>
              </value>
            </param>
            <param index="7">
              <value>
                <![CDATA[22.0]]>
              </value>
            </param>
            <param index="8">
              <value>
                <![CDATA[34.0]]>
              </value>
            </param>
            <param index="9">
              <value>
                <![CDATA[35.0]]>
              </value>
            </param>
            <param index="10">
              <value>
                <![CDATA[52.0]]>
              </value>
            </param>
            <param index="11">
              <value>
                <![CDATA[53.0]]>
              </value>
            </param>
            <param index="12">
              <value>
                <![CDATA[DEEP CLEANING]]>
              </value>
            </param>
          </params>
          <exception class="org.openqa.selenium.NoSuchWindowException">
            <message>
              <![CDATA[no such window: target window already closed
from unknown error: web view not found
  (Session info: chrome=67.0.3396.99)
  (Driver info: chromedriver=2.38.552522 (437e6fbedfa8762dec75e2c5b3ddb86763dc9dcb),platform=Windows NT 6.1.7601 SP1 x86_64) (WARNING: The server did not provide any stacktrace information)
Command duration or timeout: 0 milliseconds
Build info: version: '3.11.0', revision: 'e59cfb3', time: '2018-03-11T20:26:55.152Z'
System info: host: 'JOHN-PC', ip: '10.50.17.63', os.name: 'Windows 7', os.arch: 'amd64', os.version: '6.1', java.version: '1.8.0_131'
Driver info: org.openqa.selenium.chrome.ChromeDriver
Capabilities {acceptInsecureCerts: false, acceptSslCerts: false, applicationCacheEnabled: false, browserConnectionEnabled: false, browserName: chrome, chrome: {chromedriverVersion: 2.38.552522 (437e6fbedfa876..., userDataDir: C:\Users\VISHNU~1\AppData\L...}, cssSelectorsEnabled: true, databaseEnabled: false, handlesAlerts: true, hasTouchScreen: false, javascriptEnabled: true, locationContextEnabled: true, mobileEmulationEnabled: false, nativeEvents: true, networkConnectionEnabled: false, pageLoadStrategy: normal, platform: XP, platformName: XP, rotatable: false, setWindowRect: true, takesHeapSnapshot: true, takesScreenshot: true, unexpectedAlertBehaviour: , unhandledPromptBehavior: , version: 67.0.3396.99, webStorageEnabled: true}
Session ID: a74b7e298cd10a938fdc74c6bb049c98]]>
            </message>
            <full-stacktrace>
              <![CDATA[org.openqa.selenium.NoSuchWindowException: no such window: target window already closed
from unknown error: web view not found
  (Session info: chrome=67.0.3396.99)
  (Driver info: chromedriver=2.38.552522 (437e6fbedfa8762dec75e2c5b3ddb86763dc9dcb),platform=Windows NT 6.1.7601 SP1 x86_64) (WARNING: The server did not provide any stacktrace information)
Command duration or timeout: 0 milliseconds
Build info: version: '3.11.0', revision: 'e59cfb3', time: '2018-03-11T20:26:55.152Z'
System info: host: 'JOHN-PC', ip: '10.50.17.63', os.name: 'Windows 7', os.arch: 'amd64', os.version: '6.1', java.version: '1.8.0_131'
Driver info: org.openqa.selenium.chrome.ChromeDriver
Capabilities {acceptInsecureCerts: false, acceptSslCerts: false, applicationCacheEnabled: false, browserConnectionEnabled: false, browserName: chrome, chrome: {chromedriverVersion: 2.38.552522 (437e6fbedfa876..., userDataDir: C:\Users\VISHNU~1\AppData\L...}, cssSelectorsEnabled: true, databaseEnabled: false, handlesAlerts: true, hasTouchScreen: false, javascriptEnabled: true, locationContextEnabled: true, mobileEmulationEnabled: false, nativeEvents: true, networkConnectionEnabled: false, pageLoadStrategy: normal, platform: XP, platformName: XP, rotatable: false, setWindowRect: true, takesHeapSnapshot: true, takesScreenshot: true, unexpectedAlertBehaviour: , unhandledPromptBehavior: , version: 67.0.3396.99, webStorageEnabled: true}
Session ID: a74b7e298cd10a938fdc74c6bb049c98
	at sun.reflect.NativeConstructorAccessorImpl.newInstance0(Native Method)
	at sun.reflect.NativeConstructorAccessorImpl.newInstance(Unknown Source)
	at sun.reflect.DelegatingConstructorAccessorImpl.newInstance(Unknown Source)
	at java.lang.reflect.Constructor.newInstance(Unknown Source)
	at org.openqa.selenium.remote.ErrorHandler.createThrowable(ErrorHandler.java:214)
	at org.openqa.selenium.remote.ErrorHandler.throwIfResponseFailed(ErrorHandler.java:166)
	at org.openqa.selenium.remote.http.JsonHttpResponseCodec.reconstructValue(JsonHttpResponseCodec.java:40)
	at org.openqa.selenium.remote.http.AbstractHttpResponseCodec.decode(AbstractHttpResponseCodec.java:80)
	at org.openqa.selenium.remote.http.AbstractHttpResponseCodec.decode(AbstractHttpResponseCodec.java:44)
	at org.openqa.selenium.remote.HttpCommandExecutor.execute(HttpCommandExecutor.java:158)
	at org.openqa.selenium.remote.service.DriverCommandExecutor.execute(DriverCommandExecutor.java:83)
	at org.openqa.selenium.remote.RemoteWebDriver.execute(RemoteWebDriver.java:545)
	at org.openqa.selenium.remote.RemoteWebDriver.get(RemoteWebDriver.java:273)
	at org.openqa.selenium.remote.RemoteWebDriver$RemoteNavigation.to(RemoteWebDriver.java:856)
	at bpa.page.LoginApplication.enterUserName(LoginApplication.java:67)
	at bpa.test.DemoClassStationPOM.testFunctionality(DemoClassStationPOM.java:105)
	at sun.reflect.NativeMethodAccessorImpl.invoke0(Native Method)
	at sun.reflect.NativeMethodAccessorImpl.invoke(Unknown Source)
	at sun.reflect.DelegatingMethodAccessorImpl.invoke(Unknown Source)
	at java.lang.reflect.Method.invoke(Unknown Source)
	at org.testng.internal.MethodInvocationHelper.invokeMethod(MethodInvocationHelper.java:104)
	at org.testng.internal.Invoker.invokeMethod(Invoker.java:645)
	at org.testng.internal.Invoker.invokeTestMethod(Invoker.java:851)
	at org.testng.internal.Invoker.invokeTestMethods(Invoker.java:1177)
	at org.testng.internal.TestMethodWorker.invokeTestMethods(TestMethodWorker.java:129)
	at org.testng.internal.TestMethodWorker.run(TestMethodWorker.java:112)
	at org.testng.TestRunner.privateRun(TestRunner.java:756)
	at org.testng.TestRunner.run(TestRunner.java:610)
	at org.testng.SuiteRunner.runTest(SuiteRunner.java:387)
	at org.testng.SuiteRunner.runSequentially(SuiteRunner.java:382)
	at org.testng.SuiteRunner.privateRun(SuiteRunner.java:340)
	at org.testng.SuiteRunner.run(SuiteRunner.java:289)
	at org.testng.SuiteRunnerWorker.runSuite(SuiteRunnerWorker.java:52)
	at org.testng.SuiteRunnerWorker.run(SuiteRunnerWorker.java:86)
	at org.testng.TestNG.runSuitesSequentially(TestNG.java:1293)
	at org.testng.TestNG.runSuitesLocally(TestNG.java:1218)
	at org.testng.TestNG.runSuites(TestNG.java:1133)
	at org.testng.TestNG.run(TestNG.java:1104)
	at bpa.test.StationPickDemo2Complete.main(StationPickDemo2Complete.java:21)
]]>
            </full-stacktrace>
          </exception> <!-- org.openqa.selenium.NoSuchWindowException -->
          <reporter-output>
          </reporter-output>
        </test-method> <!-- testFunctionality -->
        <test-method status="FAIL" signature="testFunctionality(java.lang.String, java.lang.String, java.lang.String, java.lang.String, java.lang.String, java.lang.String, java.lang.String, java.lang.String, java.lang.String, java.lang.String, java.lang.String, java.lang.String, java.lang.String)[pri:1, instance:bpa.test.DemoClassStationPOM@3aa9e816]" name="testFunctionality" duration-ms="15" started-at="2018-07-31T16:00:23Z" data-provider="testDataProvider" finished-at="2018-07-31T16:00:23Z">
          <params>
            <param index="0">
              <value>
                <![CDATA[VACATION RELIEF]]>
              </value>
            </param>
            <param index="1">
              <value>
                <![CDATA[V]]>
              </value>
            </param>
            <param index="2">
              <value>
                <![CDATA[NULL]]>
              </value>
            </param>
            <param index="3">
              <value>
                <![CDATA[ERNEST PADRON]]>
              </value>
            </param>
            <param index="4">
              <value>
                <![CDATA[naveen]]>
              </value>
            </param>
            <param index="5">
              <value>
                <![CDATA[password]]>
              </value>
            </param>
            <param index="6">
              <value>
                <![CDATA[C8101]]>
              </value>
            </param>
            <param index="7">
              <value>
                <![CDATA[4.0]]>
              </value>
            </param>
            <param index="8">
              <value>
                <![CDATA[8.0]]>
              </value>
            </param>
            <param index="9">
              <value>
                <![CDATA[11.0]]>
              </value>
            </param>
            <param index="10">
              <value>
                <![CDATA[18.0]]>
              </value>
            </param>
            <param index="11">
              <value>
                <![CDATA[36.0]]>
              </value>
            </param>
            <param index="12">
              <value>
                <![CDATA[NULL]]>
              </value>
            </param>
          </params>
          <exception class="org.openqa.selenium.NoSuchWindowException">
            <message>
              <![CDATA[no such window: target window already closed
from unknown error: web view not found
  (Session info: chrome=67.0.3396.99)
  (Driver info: chromedriver=2.38.552522 (437e6fbedfa8762dec75e2c5b3ddb86763dc9dcb),platform=Windows NT 6.1.7601 SP1 x86_64) (WARNING: The server did not provide any stacktrace information)
Command duration or timeout: 0 milliseconds
Build info: version: '3.11.0', revision: 'e59cfb3', time: '2018-03-11T20:26:55.152Z'
System info: host: 'JOHN-PC', ip: '10.50.17.63', os.name: 'Windows 7', os.arch: 'amd64', os.version: '6.1', java.version: '1.8.0_131'
Driver info: org.openqa.selenium.chrome.ChromeDriver
Capabilities {acceptInsecureCerts: false, acceptSslCerts: false, applicationCacheEnabled: false, browserConnectionEnabled: false, browserName: chrome, chrome: {chromedriverVersion: 2.38.552522 (437e6fbedfa876..., userDataDir: C:\Users\VISHNU~1\AppData\L...}, cssSelectorsEnabled: true, databaseEnabled: false, handlesAlerts: true, hasTouchScreen: false, javascriptEnabled: true, locationContextEnabled: true, mobileEmulationEnabled: false, nativeEvents: true, networkConnectionEnabled: false, pageLoadStrategy: normal, platform: XP, platformName: XP, rotatable: false, setWindowRect: true, takesHeapSnapshot: true, takesScreenshot: true, unexpectedAlertBehaviour: , unhandledPromptBehavior: , version: 67.0.3396.99, webStorageEnabled: true}
Session ID: a74b7e298cd10a938fdc74c6bb049c98]]>
            </message>
            <full-stacktrace>
              <![CDATA[org.openqa.selenium.NoSuchWindowException: no such window: target window already closed
from unknown error: web view not found
  (Session info: chrome=67.0.3396.99)
  (Driver info: chromedriver=2.38.552522 (437e6fbedfa8762dec75e2c5b3ddb86763dc9dcb),platform=Windows NT 6.1.7601 SP1 x86_64) (WARNING: The server did not provide any stacktrace information)
Command duration or timeout: 0 milliseconds
Build info: version: '3.11.0', revision: 'e59cfb3', time: '2018-03-11T20:26:55.152Z'
System info: host: 'JOHN-PC', ip: '10.50.17.63', os.name: 'Windows 7', os.arch: 'amd64', os.version: '6.1', java.version: '1.8.0_131'
Driver info: org.openqa.selenium.chrome.ChromeDriver
Capabilities {acceptInsecureCerts: false, acceptSslCerts: false, applicationCacheEnabled: false, browserConnectionEnabled: false, browserName: chrome, chrome: {chromedriverVersion: 2.38.552522 (437e6fbedfa876..., userDataDir: C:\Users\VISHNU~1\AppData\L...}, cssSelectorsEnabled: true, databaseEnabled: false, handlesAlerts: true, hasTouchScreen: false, javascriptEnabled: true, locationContextEnabled: true, mobileEmulationEnabled: false, nativeEvents: true, networkConnectionEnabled: false, pageLoadStrategy: normal, platform: XP, platformName: XP, rotatable: false, setWindowRect: true, takesHeapSnapshot: true, takesScreenshot: true, unexpectedAlertBehaviour: , unhandledPromptBehavior: , version: 67.0.3396.99, webStorageEnabled: true}
Session ID: a74b7e298cd10a938fdc74c6bb049c98
	at sun.reflect.NativeConstructorAccessorImpl.newInstance0(Native Method)
	at sun.reflect.NativeConstructorAccessorImpl.newInstance(Unknown Source)
	at sun.reflect.DelegatingConstructorAccessorImpl.newInstance(Unknown Source)
	at java.lang.reflect.Constructor.newInstance(Unknown Source)
	at org.openqa.selenium.remote.ErrorHandler.createThrowable(ErrorHandler.java:214)
	at org.openqa.selenium.remote.ErrorHandler.throwIfResponseFailed(ErrorHandler.java:166)
	at org.openqa.selenium.remote.http.JsonHttpResponseCodec.reconstructValue(JsonHttpResponseCodec.java:40)
	at org.openqa.selenium.remote.http.AbstractHttpResponseCodec.decode(AbstractHttpResponseCodec.java:80)
	at org.openqa.selenium.remote.http.AbstractHttpResponseCodec.decode(AbstractHttpResponseCodec.java:44)
	at org.openqa.selenium.remote.HttpCommandExecutor.execute(HttpCommandExecutor.java:158)
	at org.openqa.selenium.remote.service.DriverCommandExecutor.execute(DriverCommandExecutor.java:83)
	at org.openqa.selenium.remote.RemoteWebDriver.execute(RemoteWebDriver.java:545)
	at org.openqa.selenium.remote.RemoteWebDriver.get(RemoteWebDriver.java:273)
	at org.openqa.selenium.remote.RemoteWebDriver$RemoteNavigation.to(RemoteWebDriver.java:856)
	at bpa.page.LoginApplication.enterUserName(LoginApplication.java:67)
	at bpa.test.DemoClassStationPOM.testFunctionality(DemoClassStationPOM.java:105)
	at sun.reflect.NativeMethodAccessorImpl.invoke0(Native Method)
	at sun.reflect.NativeMethodAccessorImpl.invoke(Unknown Source)
	at sun.reflect.DelegatingMethodAccessorImpl.invoke(Unknown Source)
	at java.lang.reflect.Method.invoke(Unknown Source)
	at org.testng.internal.MethodInvocationHelper.invokeMethod(MethodInvocationHelper.java:104)
	at org.testng.internal.Invoker.invokeMethod(Invoker.java:645)
	at org.testng.internal.Invoker.invokeTestMethod(Invoker.java:851)
	at org.testng.internal.Invoker.invokeTestMethods(Invoker.java:1177)
	at org.testng.internal.TestMethodWorker.invokeTestMethods(TestMethodWorker.java:129)
	at org.testng.internal.TestMethodWorker.run(TestMethodWorker.java:112)
	at org.testng.TestRunner.privateRun(TestRunner.java:756)
	at org.testng.TestRunner.run(TestRunner.java:610)
	at org.testng.SuiteRunner.runTest(SuiteRunner.java:387)
	at org.testng.SuiteRunner.runSequentially(SuiteRunner.java:382)
	at org.testng.SuiteRunner.privateRun(SuiteRunner.java:340)
	at org.testng.SuiteRunner.run(SuiteRunner.java:289)
	at org.testng.SuiteRunnerWorker.runSuite(SuiteRunnerWorker.java:52)
	at org.testng.SuiteRunnerWorker.run(SuiteRunnerWorker.java:86)
	at org.testng.TestNG.runSuitesSequentially(TestNG.java:1293)
	at org.testng.TestNG.runSuitesLocally(TestNG.java:1218)
	at org.testng.TestNG.runSuites(TestNG.java:1133)
	at org.testng.TestNG.run(TestNG.java:1104)
	at bpa.test.StationPickDemo2Complete.main(StationPickDemo2Complete.java:21)
]]>
            </full-stacktrace>
          </exception> <!-- org.openqa.selenium.NoSuchWindowException -->
          <reporter-output>
          </reporter-output>
        </test-method> <!-- testFunctionality -->
        <test-method status="FAIL" signature="testFunctionality(java.lang.String, java.lang.String, java.lang.String, java.lang.String, java.lang.String, java.lang.String, java.lang.String, java.lang.String, java.lang.String, java.lang.String, java.lang.String, java.lang.String, java.lang.String)[pri:1, instance:bpa.test.DemoClassStationPOM@3aa9e816]" name="testFunctionality" duration-ms="16" started-at="2018-07-31T16:00:23Z" data-provider="testDataProvider" finished-at="2018-07-31T16:00:24Z">
          <params>
            <param index="0">
              <value>
                <![CDATA[ELEVATOR]]>
              </value>
            </param>
            <param index="1">
              <value>
                <![CDATA[AM]]>
              </value>
            </param>
            <param index="2">
              <value>
                <![CDATA[F/S]]>
              </value>
            </param>
            <param index="3">
              <value>
                <![CDATA[ROBERT L. CARSON JR.]]>
              </value>
            </param>
            <param index="4">
              <value>
                <![CDATA[naveen]]>
              </value>
            </param>
            <param index="5">
              <value>
                <![CDATA[password]]>
              </value>
            </param>
            <param index="6">
              <value>
                <![CDATA[NC0292]]>
              </value>
            </param>
            <param index="7">
              <value>
                <![CDATA[16.0]]>
              </value>
            </param>
            <param index="8">
              <value>
                <![CDATA[20.0]]>
              </value>
            </param>
            <param index="9">
              <value>
                <![CDATA[38.0]]>
              </value>
            </param>
            <param index="10">
              <value>
                <![CDATA[50.0]]>
              </value>
            </param>
            <param index="11">
              <value>
                <![CDATA[NULL]]>
              </value>
            </param>
            <param index="12">
              <value>
                <![CDATA[RESTRICTED DUTY]]>
              </value>
            </param>
          </params>
          <exception class="org.openqa.selenium.NoSuchWindowException">
            <message>
              <![CDATA[no such window: target window already closed
from unknown error: web view not found
  (Session info: chrome=67.0.3396.99)
  (Driver info: chromedriver=2.38.552522 (437e6fbedfa8762dec75e2c5b3ddb86763dc9dcb),platform=Windows NT 6.1.7601 SP1 x86_64) (WARNING: The server did not provide any stacktrace information)
Command duration or timeout: 0 milliseconds
Build info: version: '3.11.0', revision: 'e59cfb3', time: '2018-03-11T20:26:55.152Z'
System info: host: 'JOHN-PC', ip: '10.50.17.63', os.name: 'Windows 7', os.arch: 'amd64', os.version: '6.1', java.version: '1.8.0_131'
Driver info: org.openqa.selenium.chrome.ChromeDriver
Capabilities {acceptInsecureCerts: false, acceptSslCerts: false, applicationCacheEnabled: false, browserConnectionEnabled: false, browserName: chrome, chrome: {chromedriverVersion: 2.38.552522 (437e6fbedfa876..., userDataDir: C:\Users\VISHNU~1\AppData\L...}, cssSelectorsEnabled: true, databaseEnabled: false, handlesAlerts: true, hasTouchScreen: false, javascriptEnabled: true, locationContextEnabled: true, mobileEmulationEnabled: false, nativeEvents: true, networkConnectionEnabled: false, pageLoadStrategy: normal, platform: XP, platformName: XP, rotatable: false, setWindowRect: true, takesHeapSnapshot: true, takesScreenshot: true, unexpectedAlertBehaviour: , unhandledPromptBehavior: , version: 67.0.3396.99, webStorageEnabled: true}
Session ID: a74b7e298cd10a938fdc74c6bb049c98]]>
            </message>
            <full-stacktrace>
              <![CDATA[org.openqa.selenium.NoSuchWindowException: no such window: target window already closed
from unknown error: web view not found
  (Session info: chrome=67.0.3396.99)
  (Driver info: chromedriver=2.38.552522 (437e6fbedfa8762dec75e2c5b3ddb86763dc9dcb),platform=Windows NT 6.1.7601 SP1 x86_64) (WARNING: The server did not provide any stacktrace information)
Command duration or timeout: 0 milliseconds
Build info: version: '3.11.0', revision: 'e59cfb3', time: '2018-03-11T20:26:55.152Z'
System info: host: 'JOHN-PC', ip: '10.50.17.63', os.name: 'Windows 7', os.arch: 'amd64', os.version: '6.1', java.version: '1.8.0_131'
Driver info: org.openqa.selenium.chrome.ChromeDriver
Capabilities {acceptInsecureCerts: false, acceptSslCerts: false, applicationCacheEnabled: false, browserConnectionEnabled: false, browserName: chrome, chrome: {chromedriverVersion: 2.38.552522 (437e6fbedfa876..., userDataDir: C:\Users\VISHNU~1\AppData\L...}, cssSelectorsEnabled: true, databaseEnabled: false, handlesAlerts: true, hasTouchScreen: false, javascriptEnabled: true, locationContextEnabled: true, mobileEmulationEnabled: false, nativeEvents: true, networkConnectionEnabled: false, pageLoadStrategy: normal, platform: XP, platformName: XP, rotatable: false, setWindowRect: true, takesHeapSnapshot: true, takesScreenshot: true, unexpectedAlertBehaviour: , unhandledPromptBehavior: , version: 67.0.3396.99, webStorageEnabled: true}
Session ID: a74b7e298cd10a938fdc74c6bb049c98
	at sun.reflect.NativeConstructorAccessorImpl.newInstance0(Native Method)
	at sun.reflect.NativeConstructorAccessorImpl.newInstance(Unknown Source)
	at sun.reflect.DelegatingConstructorAccessorImpl.newInstance(Unknown Source)
	at java.lang.reflect.Constructor.newInstance(Unknown Source)
	at org.openqa.selenium.remote.ErrorHandler.createThrowable(ErrorHandler.java:214)
	at org.openqa.selenium.remote.ErrorHandler.throwIfResponseFailed(ErrorHandler.java:166)
	at org.openqa.selenium.remote.http.JsonHttpResponseCodec.reconstructValue(JsonHttpResponseCodec.java:40)
	at org.openqa.selenium.remote.http.AbstractHttpResponseCodec.decode(AbstractHttpResponseCodec.java:80)
	at org.openqa.selenium.remote.http.AbstractHttpResponseCodec.decode(AbstractHttpResponseCodec.java:44)
	at org.openqa.selenium.remote.HttpCommandExecutor.execute(HttpCommandExecutor.java:158)
	at org.openqa.selenium.remote.service.DriverCommandExecutor.execute(DriverCommandExecutor.java:83)
	at org.openqa.selenium.remote.RemoteWebDriver.execute(RemoteWebDriver.java:545)
	at org.openqa.selenium.remote.RemoteWebDriver.get(RemoteWebDriver.java:273)
	at org.openqa.selenium.remote.RemoteWebDriver$RemoteNavigation.to(RemoteWebDriver.java:856)
	at bpa.page.LoginApplication.enterUserName(LoginApplication.java:67)
	at bpa.test.DemoClassStationPOM.testFunctionality(DemoClassStationPOM.java:105)
	at sun.reflect.NativeMethodAccessorImpl.invoke0(Native Method)
	at sun.reflect.NativeMethodAccessorImpl.invoke(Unknown Source)
	at sun.reflect.DelegatingMethodAccessorImpl.invoke(Unknown Source)
	at java.lang.reflect.Method.invoke(Unknown Source)
	at org.testng.internal.MethodInvocationHelper.invokeMethod(MethodInvocationHelper.java:104)
	at org.testng.internal.Invoker.invokeMethod(Invoker.java:645)
	at org.testng.internal.Invoker.invokeTestMethod(Invoker.java:851)
	at org.testng.internal.Invoker.invokeTestMethods(Invoker.java:1177)
	at org.testng.internal.TestMethodWorker.invokeTestMethods(TestMethodWorker.java:129)
	at org.testng.internal.TestMethodWorker.run(TestMethodWorker.java:112)
	at org.testng.TestRunner.privateRun(TestRunner.java:756)
	at org.testng.TestRunner.run(TestRunner.java:610)
	at org.testng.SuiteRunner.runTest(SuiteRunner.java:387)
	at org.testng.SuiteRunner.runSequentially(SuiteRunner.java:382)
	at org.testng.SuiteRunner.privateRun(SuiteRunner.java:340)
	at org.testng.SuiteRunner.run(SuiteRunner.java:289)
	at org.testng.SuiteRunnerWorker.runSuite(SuiteRunnerWorker.java:52)
	at org.testng.SuiteRunnerWorker.run(SuiteRunnerWorker.java:86)
	at org.testng.TestNG.runSuitesSequentially(TestNG.java:1293)
	at org.testng.TestNG.runSuitesLocally(TestNG.java:1218)
	at org.testng.TestNG.runSuites(TestNG.java:1133)
	at org.testng.TestNG.run(TestNG.java:1104)
	at bpa.test.StationPickDemo2Complete.main(StationPickDemo2Complete.java:21)
]]>
            </full-stacktrace>
          </exception> <!-- org.openqa.selenium.NoSuchWindowException -->
          <reporter-output>
          </reporter-output>
        </test-method> <!-- testFunctionality -->
        <test-method status="FAIL" signature="testFunctionality(java.lang.String, java.lang.String, java.lang.String, java.lang.String, java.lang.String, java.lang.String, java.lang.String, java.lang.String, java.lang.String, java.lang.String, java.lang.String, java.lang.String, java.lang.String)[pri:1, instance:bpa.test.DemoClassStationPOM@3aa9e816]" name="testFunctionality" duration-ms="15" started-at="2018-07-31T16:00:24Z" data-provider="testDataProvider" finished-at="2018-07-31T16:00:24Z">
          <params>
            <param index="0">
              <value>
                <![CDATA[EXTRA]]>
              </value>
            </param>
            <param index="1">
              <value>
                <![CDATA[AM]]>
              </value>
            </param>
            <param index="2">
              <value>
                <![CDATA[M/T]]>
              </value>
            </param>
            <param index="3">
              <value>
                <![CDATA[RICHARD G. PADGETT]]>
              </value>
            </param>
            <param index="4">
              <value>
                <![CDATA[naveen]]>
              </value>
            </param>
            <param index="5">
              <value>
                <![CDATA[password]]>
              </value>
            </param>
            <param index="6">
              <value>
                <![CDATA[C3501]]>
              </value>
            </param>
            <param index="7">
              <value>
                <![CDATA[5.0]]>
              </value>
            </param>
            <param index="8">
              <value>
                <![CDATA[6.0]]>
              </value>
            </param>
            <param index="9">
              <value>
                <![CDATA[16.0]]>
              </value>
            </param>
            <param index="10">
              <value>
                <![CDATA[21.0]]>
              </value>
            </param>
            <param index="11">
              <value>
                <![CDATA[36.0]]>
              </value>
            </param>
            <param index="12">
              <value>
                <![CDATA[AM]]>
              </value>
            </param>
          </params>
          <exception class="org.openqa.selenium.NoSuchWindowException">
            <message>
              <![CDATA[no such window: target window already closed
from unknown error: web view not found
  (Session info: chrome=67.0.3396.99)
  (Driver info: chromedriver=2.38.552522 (437e6fbedfa8762dec75e2c5b3ddb86763dc9dcb),platform=Windows NT 6.1.7601 SP1 x86_64) (WARNING: The server did not provide any stacktrace information)
Command duration or timeout: 0 milliseconds
Build info: version: '3.11.0', revision: 'e59cfb3', time: '2018-03-11T20:26:55.152Z'
System info: host: 'JOHN-PC', ip: '10.50.17.63', os.name: 'Windows 7', os.arch: 'amd64', os.version: '6.1', java.version: '1.8.0_131'
Driver info: org.openqa.selenium.chrome.ChromeDriver
Capabilities {acceptInsecureCerts: false, acceptSslCerts: false, applicationCacheEnabled: false, browserConnectionEnabled: false, browserName: chrome, chrome: {chromedriverVersion: 2.38.552522 (437e6fbedfa876..., userDataDir: C:\Users\VISHNU~1\AppData\L...}, cssSelectorsEnabled: true, databaseEnabled: false, handlesAlerts: true, hasTouchScreen: false, javascriptEnabled: true, locationContextEnabled: true, mobileEmulationEnabled: false, nativeEvents: true, networkConnectionEnabled: false, pageLoadStrategy: normal, platform: XP, platformName: XP, rotatable: false, setWindowRect: true, takesHeapSnapshot: true, takesScreenshot: true, unexpectedAlertBehaviour: , unhandledPromptBehavior: , version: 67.0.3396.99, webStorageEnabled: true}
Session ID: a74b7e298cd10a938fdc74c6bb049c98]]>
            </message>
            <full-stacktrace>
              <![CDATA[org.openqa.selenium.NoSuchWindowException: no such window: target window already closed
from unknown error: web view not found
  (Session info: chrome=67.0.3396.99)
  (Driver info: chromedriver=2.38.552522 (437e6fbedfa8762dec75e2c5b3ddb86763dc9dcb),platform=Windows NT 6.1.7601 SP1 x86_64) (WARNING: The server did not provide any stacktrace information)
Command duration or timeout: 0 milliseconds
Build info: version: '3.11.0', revision: 'e59cfb3', time: '2018-03-11T20:26:55.152Z'
System info: host: 'JOHN-PC', ip: '10.50.17.63', os.name: 'Windows 7', os.arch: 'amd64', os.version: '6.1', java.version: '1.8.0_131'
Driver info: org.openqa.selenium.chrome.ChromeDriver
Capabilities {acceptInsecureCerts: false, acceptSslCerts: false, applicationCacheEnabled: false, browserConnectionEnabled: false, browserName: chrome, chrome: {chromedriverVersion: 2.38.552522 (437e6fbedfa876..., userDataDir: C:\Users\VISHNU~1\AppData\L...}, cssSelectorsEnabled: true, databaseEnabled: false, handlesAlerts: true, hasTouchScreen: false, javascriptEnabled: true, locationContextEnabled: true, mobileEmulationEnabled: false, nativeEvents: true, networkConnectionEnabled: false, pageLoadStrategy: normal, platform: XP, platformName: XP, rotatable: false, setWindowRect: true, takesHeapSnapshot: true, takesScreenshot: true, unexpectedAlertBehaviour: , unhandledPromptBehavior: , version: 67.0.3396.99, webStorageEnabled: true}
Session ID: a74b7e298cd10a938fdc74c6bb049c98
	at sun.reflect.NativeConstructorAccessorImpl.newInstance0(Native Method)
	at sun.reflect.NativeConstructorAccessorImpl.newInstance(Unknown Source)
	at sun.reflect.DelegatingConstructorAccessorImpl.newInstance(Unknown Source)
	at java.lang.reflect.Constructor.newInstance(Unknown Source)
	at org.openqa.selenium.remote.ErrorHandler.createThrowable(ErrorHandler.java:214)
	at org.openqa.selenium.remote.ErrorHandler.throwIfResponseFailed(ErrorHandler.java:166)
	at org.openqa.selenium.remote.http.JsonHttpResponseCodec.reconstructValue(JsonHttpResponseCodec.java:40)
	at org.openqa.selenium.remote.http.AbstractHttpResponseCodec.decode(AbstractHttpResponseCodec.java:80)
	at org.openqa.selenium.remote.http.AbstractHttpResponseCodec.decode(AbstractHttpResponseCodec.java:44)
	at org.openqa.selenium.remote.HttpCommandExecutor.execute(HttpCommandExecutor.java:158)
	at org.openqa.selenium.remote.service.DriverCommandExecutor.execute(DriverCommandExecutor.java:83)
	at org.openqa.selenium.remote.RemoteWebDriver.execute(RemoteWebDriver.java:545)
	at org.openqa.selenium.remote.RemoteWebDriver.get(RemoteWebDriver.java:273)
	at org.openqa.selenium.remote.RemoteWebDriver$RemoteNavigation.to(RemoteWebDriver.java:856)
	at bpa.page.LoginApplication.enterUserName(LoginApplication.java:67)
	at bpa.test.DemoClassStationPOM.testFunctionality(DemoClassStationPOM.java:105)
	at sun.reflect.NativeMethodAccessorImpl.invoke0(Native Method)
	at sun.reflect.NativeMethodAccessorImpl.invoke(Unknown Source)
	at sun.reflect.DelegatingMethodAccessorImpl.invoke(Unknown Source)
	at java.lang.reflect.Method.invoke(Unknown Source)
	at org.testng.internal.MethodInvocationHelper.invokeMethod(MethodInvocationHelper.java:104)
	at org.testng.internal.Invoker.invokeMethod(Invoker.java:645)
	at org.testng.internal.Invoker.invokeTestMethod(Invoker.java:851)
	at org.testng.internal.Invoker.invokeTestMethods(Invoker.java:1177)
	at org.testng.internal.TestMethodWorker.invokeTestMethods(TestMethodWorker.java:129)
	at org.testng.internal.TestMethodWorker.run(TestMethodWorker.java:112)
	at org.testng.TestRunner.privateRun(TestRunner.java:756)
	at org.testng.TestRunner.run(TestRunner.java:610)
	at org.testng.SuiteRunner.runTest(SuiteRunner.java:387)
	at org.testng.SuiteRunner.runSequentially(SuiteRunner.java:382)
	at org.testng.SuiteRunner.privateRun(SuiteRunner.java:340)
	at org.testng.SuiteRunner.run(SuiteRunner.java:289)
	at org.testng.SuiteRunnerWorker.runSuite(SuiteRunnerWorker.java:52)
	at org.testng.SuiteRunnerWorker.run(SuiteRunnerWorker.java:86)
	at org.testng.TestNG.runSuitesSequentially(TestNG.java:1293)
	at org.testng.TestNG.runSuitesLocally(TestNG.java:1218)
	at org.testng.TestNG.runSuites(TestNG.java:1133)
	at org.testng.TestNG.run(TestNG.java:1104)
	at bpa.test.StationPickDemo2Complete.main(StationPickDemo2Complete.java:21)
]]>
            </full-stacktrace>
          </exception> <!-- org.openqa.selenium.NoSuchWindowException -->
          <reporter-output>
          </reporter-output>
        </test-method> <!-- testFunctionality -->
        <test-method status="FAIL" signature="testFunctionality(java.lang.String, java.lang.String, java.lang.String, java.lang.String, java.lang.String, java.lang.String, java.lang.String, java.lang.String, java.lang.String, java.lang.String, java.lang.String, java.lang.String, java.lang.String)[pri:1, instance:bpa.test.DemoClassStationPOM@3aa9e816]" name="testFunctionality" duration-ms="32" started-at="2018-07-31T16:00:24Z" data-provider="testDataProvider" finished-at="2018-07-31T16:00:24Z">
          <params>
            <param index="0">
              <value>
                <![CDATA[STATION SOUTH]]>
              </value>
            </param>
            <param index="1">
              <value>
                <![CDATA[Night]]>
              </value>
            </param>
            <param index="2">
              <value>
                <![CDATA[S/S]]>
              </value>
            </param>
            <param index="3">
              <value>
                <![CDATA[ANTHONY GLOVER]]>
              </value>
            </param>
            <param index="4">
              <value>
                <![CDATA[naveen]]>
              </value>
            </param>
            <param index="5">
              <value>
                <![CDATA[password]]>
              </value>
            </param>
            <param index="6">
              <value>
                <![CDATA[SHDC115]]>
              </value>
            </param>
            <param index="7">
              <value>
                <![CDATA[17.0]]>
              </value>
            </param>
            <param index="8">
              <value>
                <![CDATA[20.0]]>
              </value>
            </param>
            <param index="9">
              <value>
                <![CDATA[21.0]]>
              </value>
            </param>
            <param index="10">
              <value>
                <![CDATA[35.0]]>
              </value>
            </param>
            <param index="11">
              <value>
                <![CDATA[48.0]]>
              </value>
            </param>
            <param index="12">
              <value>
                <![CDATA[HDC]]>
              </value>
            </param>
          </params>
          <exception class="org.openqa.selenium.NoSuchWindowException">
            <message>
              <![CDATA[no such window: target window already closed
from unknown error: web view not found
  (Session info: chrome=67.0.3396.99)
  (Driver info: chromedriver=2.38.552522 (437e6fbedfa8762dec75e2c5b3ddb86763dc9dcb),platform=Windows NT 6.1.7601 SP1 x86_64) (WARNING: The server did not provide any stacktrace information)
Command duration or timeout: 0 milliseconds
Build info: version: '3.11.0', revision: 'e59cfb3', time: '2018-03-11T20:26:55.152Z'
System info: host: 'JOHN-PC', ip: '10.50.17.63', os.name: 'Windows 7', os.arch: 'amd64', os.version: '6.1', java.version: '1.8.0_131'
Driver info: org.openqa.selenium.chrome.ChromeDriver
Capabilities {acceptInsecureCerts: false, acceptSslCerts: false, applicationCacheEnabled: false, browserConnectionEnabled: false, browserName: chrome, chrome: {chromedriverVersion: 2.38.552522 (437e6fbedfa876..., userDataDir: C:\Users\VISHNU~1\AppData\L...}, cssSelectorsEnabled: true, databaseEnabled: false, handlesAlerts: true, hasTouchScreen: false, javascriptEnabled: true, locationContextEnabled: true, mobileEmulationEnabled: false, nativeEvents: true, networkConnectionEnabled: false, pageLoadStrategy: normal, platform: XP, platformName: XP, rotatable: false, setWindowRect: true, takesHeapSnapshot: true, takesScreenshot: true, unexpectedAlertBehaviour: , unhandledPromptBehavior: , version: 67.0.3396.99, webStorageEnabled: true}
Session ID: a74b7e298cd10a938fdc74c6bb049c98]]>
            </message>
            <full-stacktrace>
              <![CDATA[org.openqa.selenium.NoSuchWindowException: no such window: target window already closed
from unknown error: web view not found
  (Session info: chrome=67.0.3396.99)
  (Driver info: chromedriver=2.38.552522 (437e6fbedfa8762dec75e2c5b3ddb86763dc9dcb),platform=Windows NT 6.1.7601 SP1 x86_64) (WARNING: The server did not provide any stacktrace information)
Command duration or timeout: 0 milliseconds
Build info: version: '3.11.0', revision: 'e59cfb3', time: '2018-03-11T20:26:55.152Z'
System info: host: 'JOHN-PC', ip: '10.50.17.63', os.name: 'Windows 7', os.arch: 'amd64', os.version: '6.1', java.version: '1.8.0_131'
Driver info: org.openqa.selenium.chrome.ChromeDriver
Capabilities {acceptInsecureCerts: false, acceptSslCerts: false, applicationCacheEnabled: false, browserConnectionEnabled: false, browserName: chrome, chrome: {chromedriverVersion: 2.38.552522 (437e6fbedfa876..., userDataDir: C:\Users\VISHNU~1\AppData\L...}, cssSelectorsEnabled: true, databaseEnabled: false, handlesAlerts: true, hasTouchScreen: false, javascriptEnabled: true, locationContextEnabled: true, mobileEmulationEnabled: false, nativeEvents: true, networkConnectionEnabled: false, pageLoadStrategy: normal, platform: XP, platformName: XP, rotatable: false, setWindowRect: true, takesHeapSnapshot: true, takesScreenshot: true, unexpectedAlertBehaviour: , unhandledPromptBehavior: , version: 67.0.3396.99, webStorageEnabled: true}
Session ID: a74b7e298cd10a938fdc74c6bb049c98
	at sun.reflect.GeneratedConstructorAccessor19.newInstance(Unknown Source)
	at sun.reflect.DelegatingConstructorAccessorImpl.newInstance(Unknown Source)
	at java.lang.reflect.Constructor.newInstance(Unknown Source)
	at org.openqa.selenium.remote.ErrorHandler.createThrowable(ErrorHandler.java:214)
	at org.openqa.selenium.remote.ErrorHandler.throwIfResponseFailed(ErrorHandler.java:166)
	at org.openqa.selenium.remote.http.JsonHttpResponseCodec.reconstructValue(JsonHttpResponseCodec.java:40)
	at org.openqa.selenium.remote.http.AbstractHttpResponseCodec.decode(AbstractHttpResponseCodec.java:80)
	at org.openqa.selenium.remote.http.AbstractHttpResponseCodec.decode(AbstractHttpResponseCodec.java:44)
	at org.openqa.selenium.remote.HttpCommandExecutor.execute(HttpCommandExecutor.java:158)
	at org.openqa.selenium.remote.service.DriverCommandExecutor.execute(DriverCommandExecutor.java:83)
	at org.openqa.selenium.remote.RemoteWebDriver.execute(RemoteWebDriver.java:545)
	at org.openqa.selenium.remote.RemoteWebDriver.get(RemoteWebDriver.java:273)
	at org.openqa.selenium.remote.RemoteWebDriver$RemoteNavigation.to(RemoteWebDriver.java:856)
	at bpa.page.LoginApplication.enterUserName(LoginApplication.java:67)
	at bpa.test.DemoClassStationPOM.testFunctionality(DemoClassStationPOM.java:105)
	at sun.reflect.NativeMethodAccessorImpl.invoke0(Native Method)
	at sun.reflect.NativeMethodAccessorImpl.invoke(Unknown Source)
	at sun.reflect.DelegatingMethodAccessorImpl.invoke(Unknown Source)
	at java.lang.reflect.Method.invoke(Unknown Source)
	at org.testng.internal.MethodInvocationHelper.invokeMethod(MethodInvocationHelper.java:104)
	at org.testng.internal.Invoker.invokeMethod(Invoker.java:645)
	at org.testng.internal.Invoker.invokeTestMethod(Invoker.java:851)
	at org.testng.internal.Invoker.invokeTestMethods(Invoker.java:1177)
	at org.testng.internal.TestMethodWorker.invokeTestMethods(TestMethodWorker.java:129)
	at org.testng.internal.TestMethodWorker.run(TestMethodWorker.java:112)
	at org.testng.TestRunner.privateRun(TestRunner.java:756)
	at org.testng.TestRunner.run(TestRunner.java:610)
	at org.testng.SuiteRunner.runTest(SuiteRunner.java:387)
	at org.testng.SuiteRunner.runSequentially(SuiteRunner.java:382)
	at org.testng.SuiteRunner.privateRun(SuiteRunner.java:340)
	at org.testng.SuiteRunner.run(SuiteRunner.java:289)
	at org.testng.SuiteRunnerWorker.runSuite(SuiteRunnerWorker.java:52)
	at org.testng.SuiteRunnerWorker.run(SuiteRunnerWorker.java:86)
	at org.testng.TestNG.runSuitesSequentially(TestNG.java:1293)
	at org.testng.TestNG.runSuitesLocally(TestNG.java:1218)
	at org.testng.TestNG.runSuites(TestNG.java:1133)
	at org.testng.TestNG.run(TestNG.java:1104)
	at bpa.test.StationPickDemo2Complete.main(StationPickDemo2Complete.java:21)
]]>
            </full-stacktrace>
          </exception> <!-- org.openqa.selenium.NoSuchWindowException -->
          <reporter-output>
          </reporter-output>
        </test-method> <!-- testFunctionality -->
        <test-method status="FAIL" signature="testFunctionality(java.lang.String, java.lang.String, java.lang.String, java.lang.String, java.lang.String, java.lang.String, java.lang.String, java.lang.String, java.lang.String, java.lang.String, java.lang.String, java.lang.String, java.lang.String)[pri:1, instance:bpa.test.DemoClassStationPOM@3aa9e816]" name="testFunctionality" duration-ms="15" started-at="2018-07-31T16:00:24Z" data-provider="testDataProvider" finished-at="2018-07-31T16:00:24Z">
          <params>
            <param index="0">
              <value>
                <![CDATA[RDO RELIEF]]>
              </value>
            </param>
            <param index="1">
              <value>
                <![CDATA[PM]]>
              </value>
            </param>
            <param index="2">
              <value>
                <![CDATA[M/T]]>
              </value>
            </param>
            <param index="3">
              <value>
                <![CDATA[WILLIAM J. HOLMES]]>
              </value>
            </param>
            <param index="4">
              <value>
                <![CDATA[naveen]]>
              </value>
            </param>
            <param index="5">
              <value>
                <![CDATA[password]]>
              </value>
            </param>
            <param index="6">
              <value>
                <![CDATA[C4001]]>
              </value>
            </param>
            <param index="7">
              <value>
                <![CDATA[4.0]]>
              </value>
            </param>
            <param index="8">
              <value>
                <![CDATA[5.0]]>
[...]
Session ID: a74b7e298cd10a938fdc74c6bb049c98
	at sun.reflect.GeneratedConstructorAccessor19.newInstance(Unknown Source)
	at sun.reflect.DelegatingConstructorAccessorImpl.newInstance(Unknown Source)
	at java.lang.reflect.Constructor.newInstance(Unknown Source)
	at org.openqa.selenium.remote.ErrorHandler.createThrowable(ErrorHandler.java:214)
	at org.openqa.selenium.remote.ErrorHandler.throwIfResponseFailed(ErrorHandler.java:166)
	at org.openqa.selenium.remote.http.JsonHttpResponseCodec.reconstructValue(JsonHttpResponseCodec.java:40)
	at org.openqa.selenium.remote.http.AbstractHttpResponseCodec.decode(AbstractHttpResponseCodec.java:80)
	at org.openqa.selenium.remote.http.AbstractHttpResponseCodec.decode(AbstractHttpResponseCodec.java:44)
	at org.openqa.selenium.remote.HttpCommandExecutor.execute(HttpCommandExecutor.java:158)
	at org.openqa.selenium.remote.service.DriverCommandExecutor.execute(DriverCommandExecutor.java:83)
	at org.openqa.selenium.remote.RemoteWebDriver.execute(RemoteWebDriver.java:545)
	at org.openqa.selenium.remote.RemoteWebDriver.get(RemoteWebDriver.java:273)
	at org.openqa.selenium.remote.RemoteWebDriver$RemoteNavigation.to(RemoteWebDriver.java:856)
	at bpa.page.LoginApplication.enterUserName(LoginApplication.java:67)
	at bpa.test.DemoClassStationPOM.testFunctionality(DemoClassStationPOM.java:105)
	at sun.reflect.GeneratedMethodAccessor6.invoke(Unknown Source)
	at sun.reflect.DelegatingMethodAccessorImpl.invoke(Unknown Source)
	at java.lang.reflect.Method.invoke(Unknown Source)
	at org.testng.internal.MethodInvocationHelper.invokeMethod(MethodInvocationHelper.java:104)
	at org.testng.internal.Invoker.invokeMethod(Invoker.java:645)
	at org.testng.internal.Invoker.invokeTestMethod(Invoker.java:851)
	at org.testng.internal.Invoker.invokeTestMethods(Invoker.java:1177)
	at org.testng.internal.TestMethodWorker.invokeTestMethods(TestMethodWorker.java:129)
	at org.testng.internal.TestMethodWorker.run(TestMethodWorker.java:112)
	at org.testng.TestRunner.privateRun(TestRunner.java:756)
	at org.testng.TestRunner.run(TestRunner.java:610)
	at org.testng.SuiteRunner.runTest(SuiteRunner.java:387)
	at org.testng.SuiteRunner.runSequentially(SuiteRunner.java:382)
	at org.testng.SuiteRunner.privateRun(SuiteRunner.java:340)
	at org.testng.SuiteRunner.run(SuiteRunner.java:289)
	at org.testng.SuiteRunnerWorker.runSuite(SuiteRunnerWorker.java:52)
	at org.testng.SuiteRunnerWorker.run(SuiteRunnerWorker.java:86)
	at org.testng.TestNG.runSuitesSequentially(TestNG.java:1293)
	at org.testng.TestNG.runSuitesLocally(TestNG.java:1218)
	at org.testng.TestNG.runSuites(TestNG.java:1133)
	at org.testng.TestNG.run(TestNG.java:1104)
	at bpa.test.StationPickDemo2Complete.main(StationPickDemo2Complete.java:21)
]]>
            </full-stacktrace>
          </exception> <!-- org.openqa.selenium.NoSuchWindowException -->
          <reporter-output>
          </reporter-output>
        </test-method> <!-- testFunctionality -->
        <test-method status="FAIL" signature="testFunctionality(java.lang.String, java.lang.String, java.lang.String, java.lang.String, java.lang.String, java.lang.String, java.lang.String, java.lang.String, java.lang.String, java.lang.String, java.lang.String, java.lang.String, java.lang.String)[pri:1, instance:bpa.test.DemoClassStationPOM@3aa9e816]" name="testFunctionality" duration-ms="15" started-at="2018-07-31T16:00:24Z" data-provider="testDataProvider" finished-at="2018-07-31T16:00:24Z">
          <params>
            <param index="0">
              <value>
                <![CDATA[VACATION RELIEF]]>
              </value>
            </param>
            <param index="1">
              <value>
                <![CDATA[V]]>
              </value>
            </param>
            <param index="2">
              <value>
                <![CDATA[NULL]]>
              </value>
            </param>
            <param index="3">
              <value>
                <![CDATA[MICHAEL DEANGELIS]]>
              </value>
            </param>
            <param index="4">
              <value>
                <![CDATA[naveen]]>
              </value>
            </param>
            <param index="5">
              <value>
                <![CDATA[password]]>
              </value>
            </param>
            <param index="6">
              <value>
                <![CDATA[C8105]]>
              </value>
            </param>
            <param index="7">
              <value>
                <![CDATA[8.0]]>
              </value>
            </param>
            <param index="8">
              <value>
                <![CDATA[17.0]]>
              </value>
            </param>
            <param index="9">
              <value>
                <![CDATA[48.0]]>
              </value>
            </param>
            <param index="10">
              <value>
                <![CDATA[49.0]]>
              </value>
            </param>
            <param index="11">
              <value>
                <![CDATA[51.0]]>
              </value>
            </param>
            <param index="12">
              <value>
                <![CDATA[NULL]]>
              </value>
            </param>
          </params>
          <exception class="org.openqa.selenium.NoSuchWindowException">
            <message>
              <![CDATA[no such window: target window already closed
from unknown error: web view not found
  (Session info: chrome=67.0.3396.99)
  (Driver info: chromedriver=2.38.552522 (437e6fbedfa8762dec75e2c5b3ddb86763dc9dcb),platform=Windows NT 6.1.7601 SP1 x86_64) (WARNING: The server did not provide any stacktrace information)
Command duration or timeout: 0 milliseconds
Build info: version: '3.11.0', revision: 'e59cfb3', time: '2018-03-11T20:26:55.152Z'
System info: host: 'JOHN-PC', ip: '10.50.17.63', os.name: 'Windows 7', os.arch: 'amd64', os.version: '6.1', java.version: '1.8.0_131'
Driver info: org.openqa.selenium.chrome.ChromeDriver
Capabilities {acceptInsecureCerts: false, acceptSslCerts: false, applicationCacheEnabled: false, browserConnectionEnabled: false, browserName: chrome, chrome: {chromedriverVersion: 2.38.552522 (437e6fbedfa876..., userDataDir: C:\Users\VISHNU~1\AppData\L...}, cssSelectorsEnabled: true, databaseEnabled: false, handlesAlerts: true, hasTouchScreen: false, javascriptEnabled: true, locationContextEnabled: true, mobileEmulationEnabled: false, nativeEvents: true, networkConnectionEnabled: false, pageLoadStrategy: normal, platform: XP, platformName: XP, rotatable: false, setWindowRect: true, takesHeapSnapshot: true, takesScreenshot: true, unexpectedAlertBehaviour: , unhandledPromptBehavior: , version: 67.0.3396.99, webStorageEnabled: true}
Session ID: a74b7e298cd10a938fdc74c6bb049c98]]>
            </message>
            <full-stacktrace>
              <![CDATA[org.openqa.selenium.NoSuchWindowException: no such window: target window already closed
from unknown error: web view not found
  (Session info: chrome=67.0.3396.99)
  (Driver info: chromedriver=2.38.552522 (437e6fbedfa8762dec75e2c5b3ddb86763dc9dcb),platform=Windows NT 6.1.7601 SP1 x86_64) (WARNING: The server did not provide any stacktrace information)
Command duration or timeout: 0 milliseconds
Build info: version: '3.11.0', revision: 'e59cfb3', time: '2018-03-11T20:26:55.152Z'
System info: host: 'JOHN-PC', ip: '10.50.17.63', os.name: 'Windows 7', os.arch: 'amd64', os.version: '6.1', java.version: '1.8.0_131'
Driver info: org.openqa.selenium.chrome.ChromeDriver
Capabilities {acceptInsecureCerts: false, acceptSslCerts: false, applicationCacheEnabled: false, browserConnectionEnabled: false, browserName: chrome, chrome: {chromedriverVersion: 2.38.552522 (437e6fbedfa876..., userDataDir: C:\Users\VISHNU~1\AppData\L...}, cssSelectorsEnabled: true, databaseEnabled: false, handlesAlerts: true, hasTouchScreen: false, javascriptEnabled: true, locationContextEnabled: true, mobileEmulationEnabled: false, nativeEvents: true, networkConnectionEnabled: false, pageLoadStrategy: normal, platform: XP, platformName: XP, rotatable: false, setWindowRect: true, takesHeapSnapshot: true, takesScreenshot: true, unexpectedAlertBehaviour: , unhandledPromptBehavior: , version: 67.0.3396.99, webStorageEnabled: true}
Session ID: a74b7e298cd10a938fdc74c6bb049c98
	at sun.reflect.GeneratedConstructorAccessor19.newInstance(Unknown Source)
	at sun.reflect.DelegatingConstructorAccessorImpl.newInstance(Unknown Source)
	at java.lang.reflect.Constructor.newInstance(Unknown Source)
	at org.openqa.selenium.remote.ErrorHandler.createThrowable(ErrorHandler.java:214)
	at org.openqa.selenium.remote.ErrorHandler.throwIfResponseFailed(ErrorHandler.java:166)
	at org.openqa.selenium.remote.http.JsonHttpResponseCodec.reconstructValue(JsonHttpResponseCodec.java:40)
	at org.openqa.selenium.remote.http.AbstractHttpResponseCodec.decode(AbstractHttpResponseCodec.java:80)
	at org.openqa.selenium.remote.http.AbstractHttpResponseCodec.decode(AbstractHttpResponseCodec.java:44)
	at org.openqa.selenium.remote.HttpCommandExecutor.execute(HttpCommandExecutor.java:158)
	at org.openqa.selenium.remote.service.DriverCommandExecutor.execute(DriverCommandExecutor.java:83)
	at org.openqa.selenium.remote.RemoteWebDriver.execute(RemoteWebDriver.java:545)
	at org.openqa.selenium.remote.RemoteWebDriver.get(RemoteWebDriver.java:273)
	at org.openqa.selenium.remote.RemoteWebDriver$RemoteNavigation.to(RemoteWebDriver.java:856)
	at bpa.page.LoginApplication.enterUserName(LoginApplication.java:67)
	at bpa.test.DemoClassStationPOM.testFunctionality(DemoClassStationPOM.java:105)
	at sun.reflect.GeneratedMethodAccessor6.invoke(Unknown Source)
	at sun.reflect.DelegatingMethodAccessorImpl.invoke(Unknown Source)
	at java.lang.reflect.Method.invoke(Unknown Source)
	at org.testng.internal.MethodInvocationHelper.invokeMethod(MethodInvocationHelper.java:104)
	at org.testng.internal.Invoker.invokeMethod(Invoker.java:645)
	at org.testng.internal.Invoker.invokeTestMethod(Invoker.java:851)
	at org.testng.internal.Invoker.invokeTestMethods(Invoker.java:1177)
	at org.testng.internal.TestMethodWorker.invokeTestMethods(TestMethodWorker.java:129)
	at org.testng.internal.TestMethodWorker.run(TestMethodWorker.java:112)
	at org.testng.TestRunner.privateRun(TestRunner.java:756)
	at org.testng.TestRunner.run(TestRunner.java:610)
	at org.testng.SuiteRunner.runTest(SuiteRunner.java:387)
	at org.testng.SuiteRunner.runSequentially(SuiteRunner.java:382)
	at org.testng.SuiteRunner.privateRun(SuiteRunner.java:340)
	at org.testng.SuiteRunner.run(SuiteRunner.java:289)
	at org.testng.SuiteRunnerWorker.runSuite(SuiteRunnerWorker.java:52)
	at org.testng.SuiteRunnerWorker.run(SuiteRunnerWorker.java:86)
	at org.testng.TestNG.runSuitesSequentially(TestNG.java:1293)
	at org.testng.TestNG.runSuitesLocally(TestNG.java:1218)
	at org.testng.TestNG.runSuites(TestNG.java:1133)
	at org.testng.TestNG.run(TestNG.java:1104)
	at bpa.test.StationPickDemo2Complete.main(StationPickDemo2Complete.java:21)
]]>
            </full-stacktrace>
          </exception> <!-- org.openqa.selenium.NoSuchWindowException -->
          <reporter-output>
          </reporter-output>
        </test-method> <!-- testFunctionality -->
        <test-method status="FAIL" signature="testFunctionality(java.lang.String, java.lang.String, java.lang.String, java.lang.String, java.lang.String, java.lang.String, java.lang.String, java.lang.String, java.lang.String, java.lang.String, java.lang.String, java.lang.String, java.lang.String)[pri:1, instance:bpa.test.DemoClassStationPOM@3aa9e816]" name="testFunctionality" duration-ms="16" started-at="2018-07-31T16:00:24Z" data-provider="testDataProvider" finished-at="2018-07-31T16:00:24Z">
          <params>
            <param index="0">
              <value>
                <![CDATA[ELEVATOR]]>
              </value>
            </param>
            <param index="1">
              <value>
                <![CDATA[PM]]>
              </value>
            </param>
            <param index="2">
              <value>
                <![CDATA[T/W]]>
              </value>
            </param>
            <param index="3">
              <value>
                <![CDATA[REGINALD BURGESS]]>
              </value>
            </param>
            <param index="4">
              <value>
                <![CDATA[naveen]]>
              </value>
            </param>
            <param index="5">
              <value>
                <![CDATA[password]]>
              </value>
            </param>
            <param index="6">
              <value>
                <![CDATA[NC0302]]>
              </value>
            </param>
            <param index="7">
              <value>
                <![CDATA[5.0]]>
              </value>
            </param>
            <param index="8">
              <value>
                <![CDATA[16.0]]>
              </value>
            </param>
            <param index="9">
              <value>
                <![CDATA[22.0]]>
              </value>
            </param>
            <param index="10">
              <value>
                <![CDATA[39.0]]>
              </value>
            </param>
            <param index="11">
              <value>
                <![CDATA[50.0]]>
              </value>
            </param>
            <param index="12">
              <value>
                <![CDATA[RESTRICTED DUTY]]>
              </value>
            </param>
          </params>
          <exception class="org.openqa.selenium.NoSuchWindowException">
            <message>
              <![CDATA[no such window: target window already closed
from unknown error: web view not found
  (Session info: chrome=67.0.3396.99)
  (Driver info: chromedriver=2.38.552522 (437e6fbedfa8762dec75e2c5b3ddb86763dc9dcb),platform=Windows NT 6.1.7601 SP1 x86_64) (WARNING: The server did not provide any stacktrace information)
Command duration or timeout: 0 milliseconds
Build info: version: '3.11.0', revision: 'e59cfb3', time: '2018-03-11T20:26:55.152Z'
System info: host: 'JOHN-PC', ip: '10.50.17.63', os.name: 'Windows 7', os.arch: 'amd64', os.version: '6.1', java.version: '1.8.0_131'
Driver info: org.openqa.selenium.chrome.ChromeDriver
Capabilities {acceptInsecureCerts: false, acceptSslCerts: false, applicationCacheEnabled: false, browserConnectionEnabled: false, browserName: chrome, chrome: {chromedriverVersion: 2.38.552522 (437e6fbedfa876..., userDataDir: C:\Users\VISHNU~1\AppData\L...}, cssSelectorsEnabled: true, databaseEnabled: false, handlesAlerts: true, hasTouchScreen: false, javascriptEnabled: true, locationContextEnabled: true, mobileEmulationEnabled: false, nativeEvents: true, networkConnectionEnabled: false, pageLoadStrategy: normal, platform: XP, platformName: XP, rotatable: false, setWindowRect: true, takesHeapSnapshot: true, takesScreenshot: true, unexpectedAlertBehaviour: , unhandledPromptBehavior: , version: 67.0.3396.99, webStorageEnabled: true}
Session ID: a74b7e298cd10a938fdc74c6bb049c98]]>
            </message>
            <full-stacktrace>
              <![CDATA[org.openqa.selenium.NoSuchWindowException: no such window: target window already closed
from unknown error: web view not found
  (Session info: chrome=67.0.3396.99)
  (Driver info: chromedriver=2.38.552522 (437e6fbedfa8762dec75e2c5b3ddb86763dc9dcb),platform=Windows NT 6.1.7601 SP1 x86_64) (WARNING: The server did not provide any stacktrace information)
Command duration or timeout: 0 milliseconds
Build info: version: '3.11.0', revision: 'e59cfb3', time: '2018-03-11T20:26:55.152Z'
System info: host: 'JOHN-PC', ip: '10.50.17.63', os.name: 'Windows 7', os.arch: 'amd64', os.version: '6.1', java.version: '1.8.0_131'
Driver info: org.openqa.selenium.chrome.ChromeDriver
Capabilities {acceptInsecureCerts: false, acceptSslCerts: false, applicationCacheEnabled: false, browserConnectionEnabled: false, browserName: chrome, chrome: {chromedriverVersion: 2.38.552522 (437e6fbedfa876..., userDataDir: C:\Users\VISHNU~1\AppData\L...}, cssSelectorsEnabled: true, databaseEnabled: false, handlesAlerts: true, hasTouchScreen: false, javascriptEnabled: true, locationContextEnabled: true, mobileEmulationEnabled: false, nativeEvents: true, networkConnectionEnabled: false, pageLoadStrategy: normal, platform: XP, platformName: XP, rotatable: false, setWindowRect: true, takesHeapSnapshot: true, takesScreenshot: true, unexpectedAlertBehaviour: , unhandledPromptBehavior: , version: 67.0.3396.99, webStorageEnabled: true}
Session ID: a74b7e298cd10a938fdc74c6bb049c98
	at sun.reflect.GeneratedConstructorAccessor19.newInstance(Unknown Source)
	at sun.reflect.DelegatingConstructorAccessorImpl.newInstance(Unknown Source)
	at java.lang.reflect.Constructor.newInstance(Unknown Source)
	at org.openqa.selenium.remote.ErrorHandler.createThrowable(ErrorHandler.java:214)
	at org.openqa.selenium.remote.ErrorHandler.throwIfResponseFailed(ErrorHandler.java:166)
	at org.openqa.selenium.remote.http.JsonHttpResponseCodec.reconstructValue(JsonHttpResponseCodec.java:40)
	at org.openqa.selenium.remote.http.AbstractHttpResponseCodec.decode(AbstractHttpResponseCodec.java:80)
	at org.openqa.selenium.remote.http.AbstractHttpResponseCodec.decode(AbstractHttpResponseCodec.java:44)
	at org.openqa.selenium.remote.HttpCommandExecutor.execute(HttpCommandExecutor.java:158)
	at org.openqa.selenium.remote.service.DriverCommandExecutor.execute(DriverCommandExecutor.java:83)
	at org.openqa.selenium.remote.RemoteWebDriver.execute(RemoteWebDriver.java:545)
	at org.openqa.selenium.remote.RemoteWebDriver.get(RemoteWebDriver.java:273)
	at org.openqa.selenium.remote.RemoteWebDriver$RemoteNavigation.to(RemoteWebDriver.java:856)
	at bpa.page.LoginApplication.enterUserName(LoginApplication.java:67)
	at bpa.test.DemoClassStationPOM.testFunctionality(DemoClassStationPOM.java:105)
	at sun.reflect.GeneratedMethodAccessor6.invoke(Unknown Source)
	at sun.reflect.DelegatingMethodAccessorImpl.invoke(Unknown Source)
	at java.lang.reflect.Method.invoke(Unknown Source)
	at org.testng.internal.MethodInvocationHelper.invokeMethod(MethodInvocationHelper.java:104)
	at org.testng.internal.Invoker.invokeMethod(Invoker.java:645)
	at org.testng.internal.Invoker.invokeTestMethod(Invoker.java:851)
	at org.testng.internal.Invoker.invokeTestMethods(Invoker.java:1177)
	at org.testng.internal.TestMethodWorker.invokeTestMethods(TestMethodWorker.java:129)
	at org.testng.internal.TestMethodWorker.run(TestMethodWorker.java:112)
	at org.testng.TestRunner.privateRun(TestRunner.java:756)
	at org.testng.TestRunner.run(TestRunner.java:610)
	at org.testng.SuiteRunner.runTest(SuiteRunner.java:387)
	at org.testng.SuiteRunner.runSequentially(SuiteRunner.java:382)
	at org.testng.SuiteRunner.privateRun(SuiteRunner.java:340)
	at org.testng.SuiteRunner.run(SuiteRunner.java:289)
	at org.testng.SuiteRunnerWorker.runSuite(SuiteRunnerWorker.java:52)
	at org.testng.SuiteRunnerWorker.run(SuiteRunnerWorker.java:86)
	at org.testng.TestNG.runSuitesSequentially(TestNG.java:1293)
	at org.testng.TestNG.runSuitesLocally(TestNG.java:1218)
	at org.testng.TestNG.runSuites(TestNG.java:1133)
	at org.testng.TestNG.run(TestNG.java:1104)
	at bpa.test.StationPickDemo2Complete.main(StationPickDemo2Complete.java:21)
]]>
            </full-stacktrace>
          </exception> <!-- org.openqa.selenium.NoSuchWindowException -->
          <reporter-output>
          </reporter-output>
        </test-method> <!-- testFunctionality -->
      </class> <!-- bpa.test.DemoClassStationPOM -->
    </test> <!-- Users -->
  </suite> <!-- Station Pick2 -->
</testng-results>
